<?xml version="1.0" encoding="UTF-8"?>
<testsuite xmlns:xsi="http://www.w3.org/2001/XMLSchema-instance" xsi:noNamespaceSchemaLocation="https://maven.apache.org/surefire/maven-surefire-plugin/xsd/surefire-test-report-3.0.xsd" version="3.0" name="TestRunner" time="63.926" tests="30" errors="0" skipped="0" failures="0">
  <properties>
[...]
</properties>
  <testcase name="Homepage category navigation" classname="Vue Test App" time="2.687">
    <system-err><![CDATA[Mar 27, 2026 11:11:14 AM steps.Hooks before
INFO: &amp#27;[1;90mRunning: &amp#27;[1;35mHomepage category navigation&amp#27;[0m&amp#27;[0m
Mar 27, 2026 11:11:14 AM steps.Hooks processScenarioTags
INFO: &amp#27;[1;35m[@VueTestApp, @Web-UI, @SCN-VUE-1]&amp#27;[0m
Mar 27, 2026 11:11:14 AM pickleib.web.driver.PickleibWebDriver initialize
INFO: &amp#27;[1;90mInitializing &amp#27;[1;35mChrome&amp#27;[1;90m driver...&amp#27;[0m
Mar 27, 2026 11:11:16 AM org.openqa.selenium.devtools.CdpVersionFinder findNearestMatch
WARNING: Unable to find CDP implementation matching 146
Mar 27, 2026 11:11:16 AM org.openqa.selenium.chromium.ChromiumDriver lambda$new$5
WARNING: Unable to find version of CDP to use for 146.0.7680.80. You may need to include a dependency on a specific version of the CDP using something similar to `org.seleniumhq.selenium:selenium-devtools-v86:4.19.0` where the version ("v86") matches the version of the chromium-based browser you're using and the version number of the artifact is the same as Selenium's.
Mar 27, 2026 11:11:16 AM pickleib.web.driver.WebDriverFactory getDriver
INFO: &amp#27;[1;35mChrome&amp#27;[1;90m was selected&amp#27;[0m
Mar 27, 2026 11:11:16 AM pickleib.web.interactions.WebInteractions navigate
INFO: &amp#27;[1;90mNavigating to &amp#27;[1;34mhttp://127.0.0.1:7457/&amp#27;[0m&amp#27;[0m
Mar 27, 2026 11:11:16 AM pickleib.utilities.interfaces.repository.ElementRepository acquireElementFromPage
INFO: &amp#27;[1;90mAcquiring element &amp#27;[1;34mpageTitle&amp#27;[0m&amp#27;[1;90m from the &amp#27;[0m&amp#27;[1;34mHomePage&amp#27;[0m&amp#27;[0m
Mar 27, 2026 11:11:16 AM pickleib.web.interactions.WebInteractions waitUntilVisible
INFO: &amp#27;[1;90mWaiting visibility of &amp#27;[1;34mpageTitle&amp#27;[0m&amp#27;[1;90m on the &amp#27;[0m&amp#27;[1;34mHomePage&amp#27;[0m&amp#27;[0m
Mar 27, 2026 11:11:16 AM pickleib.web.interactions.WebInteractions waitUntilVisible
INFO: &amp#27;[1;90mElement is visible ? &amp#27;[1;34mtrue&amp#27;[0m&amp#27;[0m
Mar 27, 2026 11:11:16 AM pickleib.utilities.interfaces.repository.ElementRepository acquireElementFromPage
INFO: &amp#27;[1;90mAcquiring element &amp#27;[1;34mpageTitle&amp#27;[0m&amp#27;[1;90m from the &amp#27;[0m&amp#27;[1;34mHomePage&amp#27;[0m&amp#27;[0m
Mar 27, 2026 11:11:16 AM pickleib.web.interactions.WebInteractions centerElement
INFO: &amp#27;[1;90mCentering &amp#27;[1;34mpageTitle&amp#27;[0m&amp#27;[1;90m on &amp#27;[0m&amp#27;[1;34mHomePage&amp#27;[0m&amp#27;[0m
Mar 27, 2026 11:11:16 AM pickleib.utilities.helpers.ElementStateHelper verifyElementContainsText
INFO: &amp#27;[1;90mVerifying that text of element &amp#27;[1;34mpageTitle&amp#27;[0m&amp#27;[1;90m contains &amp#27;[0m&amp#27;[1;34mUI Components Test Suite&amp#27;[0m&amp#27;[1;90m on &amp#27;[0m&amp#27;[1;34mhomePage&amp#27;[0m&amp#27;[0m
Mar 27, 2026 11:11:16 AM pickleib.utilities.helpers.ElementStateHelper verifyElementContainsText
INFO: &amp#27;[1;32mThe element text does contain "UI Components Test Suite" text!&amp#27;[0m
Mar 27, 2026 11:11:16 AM pickleib.utilities.interfaces.repository.ElementRepository acquireListedElementFromPage
INFO: &amp#27;[1;90mAcquiring listed element named &amp#27;[1;34mForms&amp#27;[0m&amp#27;[1;90m selected from &amp#27;[0m&amp#27;[1;34mcategoryCards&amp#27;[0m&amp#27;[1;90m on  &amp#27;[0m&amp#27;[1;34mHomePage&amp#27;[0m&amp#27;[0m
Mar 27, 2026 11:11:16 AM pickleib.web.interactions.WebInteractions clickElement
INFO: &amp#27;[1;90mClicking &amp#27;[1;34mForms&amp#27;[0m&amp#27;[1;90m on the &amp#27;[0m&amp#27;[1;34mHomePage&amp#27;[0m&amp#27;[0m
Mar 27, 2026 11:11:17 AM pickleib.steps.BuiltInSteps verifyTextUrl
INFO: &amp#27;[1;32mThe url contains 'forms'&amp#27;[0m
Mar 27, 2026 11:11:17 AM pickleib.web.driver.PickleibWebDriver terminate
INFO: &amp#27;[1;90mTerminating driver...&amp#27;[0m
Mar 27, 2026 11:11:17 AM steps.Hooks kill
INFO: &amp#27;[1;32mHomepage category navigation: PASS!&amp#27;[0m
]]></system-err>
  </testcase>
  <testcase name="Browser navigation forwards and backwards" classname="Vue Test App" time="1.657">
    <system-err><![CDATA[Mar 27, 2026 11:11:17 AM steps.Hooks before
INFO: &amp#27;[1;90mRunning: &amp#27;[1;35mBrowser navigation forwards and backwards&amp#27;[0m&amp#27;[0m
Mar 27, 2026 11:11:17 AM steps.Hooks processScenarioTags
INFO: &amp#27;[1;35m[@VueTestApp, @Web-UI, @SCN-VUE-2]&amp#27;[0m
Mar 27, 2026 11:11:17 AM pickleib.web.driver.PickleibWebDriver initialize
INFO: &amp#27;[1;90mInitializing &amp#27;[1;35mChrome&amp#27;[1;90m driver...&amp#27;[0m
Mar 27, 2026 11:11:18 AM org.openqa.selenium.devtools.CdpVersionFinder findNearestMatch
WARNING: Unable to find CDP implementation matching 146
Mar 27, 2026 11:11:18 AM org.openqa.selenium.chromium.ChromiumDriver lambda$new$5
WARNING: Unable to find version of CDP to use for 146.0.7680.80. You may need to include a dependency on a specific version of the CDP using something similar to `org.seleniumhq.selenium:selenium-devtools-v86:4.19.0` where the version ("v86") matches the version of the chromium-based browser you're using and the version number of the artifact is the same as Selenium's.
Mar 27, 2026 11:11:18 AM pickleib.web.driver.WebDriverFactory getDriver
INFO: &amp#27;[1;35mChrome&amp#27;[1;90m was selected&amp#27;[0m
Mar 27, 2026 11:11:18 AM pickleib.web.interactions.WebInteractions navigate
INFO: &amp#27;[1;90mNavigating to &amp#27;[1;34mhttp://127.0.0.1:7457/&amp#27;[0m&amp#27;[0m
Mar 27, 2026 11:11:18 AM pickleib.web.interactions.WebInteractions getUrl
INFO: &amp#27;[1;90mNavigating to &amp#27;[1;34mhttp://127.0.0.1:7457/forms&amp#27;[0m&amp#27;[0m
Mar 27, 2026 11:11:18 AM pickleib.steps.BuiltInSteps verifyTextUrl
INFO: &amp#27;[1;32mThe url contains 'forms'&amp#27;[0m
Mar 27, 2026 11:11:18 AM pickleib.web.interactions.WebInteractions getUrl
INFO: &amp#27;[1;90mNavigating to &amp#27;[1;34mhttp://127.0.0.1:7457/buttons&amp#27;[0m&amp#27;[0m
Mar 27, 2026 11:11:18 AM pickleib.steps.BuiltInSteps verifyTextUrl
INFO: &amp#27;[1;32mThe url contains 'buttons'&amp#27;[0m
Mar 27, 2026 11:11:18 AM pickleib.web.interactions.WebInteractions navigateBrowser
INFO: &amp#27;[1;90mNavigating &amp#27;[1;34mbackwards&amp#27;[0m&amp#27;[0m
Mar 27, 2026 11:11:18 AM pickleib.steps.BuiltInSteps verifyTextUrl
INFO: &amp#27;[1;32mThe url contains 'forms'&amp#27;[0m
Mar 27, 2026 11:11:18 AM pickleib.web.driver.PickleibWebDriver terminate
INFO: &amp#27;[1;90mTerminating driver...&amp#27;[0m
Mar 27, 2026 11:11:18 AM steps.Hooks kill
INFO: &amp#27;[1;32mBrowser navigation forwards and backwards: PASS!&amp#27;[0m
]]></system-err>
  </testcase>
  <testcase name="Form submission and verification" classname="Vue Test App" time="4.788">
    <system-err><![CDATA[Mar 27, 2026 11:11:18 AM steps.Hooks before
INFO: &amp#27;[1;90mRunning: &amp#27;[1;35mForm submission and verification&amp#27;[0m&amp#27;[0m
Mar 27, 2026 11:11:18 AM steps.Hooks processScenarioTags
INFO: &amp#27;[1;35m[@VueTestApp, @Web-UI, @SCN-VUE-3]&amp#27;[0m
Mar 27, 2026 11:11:18 AM pickleib.web.driver.PickleibWebDriver initialize
INFO: &amp#27;[1;90mInitializing &amp#27;[1;35mChrome&amp#27;[1;90m driver...&amp#27;[0m
Mar 27, 2026 11:11:19 AM org.openqa.selenium.devtools.CdpVersionFinder findNearestMatch
WARNING: Unable to find CDP implementation matching 146
Mar 27, 2026 11:11:19 AM org.openqa.selenium.chromium.ChromiumDriver lambda$new$5
WARNING: Unable to find version of CDP to use for 146.0.7680.80. You may need to include a dependency on a specific version of the CDP using something similar to `org.seleniumhq.selenium:selenium-devtools-v86:4.19.0` where the version ("v86") matches the version of the chromium-based browser you're using and the version number of the artifact is the same as Selenium's.
Mar 27, 2026 11:11:20 AM pickleib.web.driver.WebDriverFactory getDriver
INFO: &amp#27;[1;35mChrome&amp#27;[1;90m was selected&amp#27;[0m
Mar 27, 2026 11:11:20 AM pickleib.web.interactions.WebInteractions navigate
INFO: &amp#27;[1;90mNavigating to &amp#27;[1;34mhttp://127.0.0.1:7457/&amp#27;[0m&amp#27;[0m
Mar 27, 2026 11:11:20 AM pickleib.web.interactions.WebInteractions getUrl
INFO: &amp#27;[1;90mNavigating to &amp#27;[1;34mhttp://127.0.0.1:7457/forms&amp#27;[0m&amp#27;[0m
Mar 27, 2026 11:11:20 AM pickleib.utilities.interfaces.repository.ElementRepository acquireElementFromPage
INFO: &amp#27;[1;90mAcquiring element &amp#27;[1;34mnameInput&amp#27;[0m&amp#27;[1;90m from the &amp#27;[0m&amp#27;[1;34mFormsPage&amp#27;[0m&amp#27;[0m
Mar 27, 2026 11:11:20 AM pickleib.web.interactions.WebInteractions waitUntilVisible
INFO: &amp#27;[1;90mWaiting visibility of &amp#27;[1;34mnameInput&amp#27;[0m&amp#27;[1;90m on the &amp#27;[0m&amp#27;[1;34mFormsPage&amp#27;[0m&amp#27;[0m
Mar 27, 2026 11:11:20 AM pickleib.web.interactions.WebInteractions waitUntilVisible
INFO: &amp#27;[1;90mElement is visible ? &amp#27;[1;34mtrue&amp#27;[0m&amp#27;[0m
Mar 27, 2026 11:11:20 AM pickleib.steps.BuiltInSteps updateContext
INFO: &amp#27;[1;90mUpdating context &amp#27;[1;34mtestName&amp#27;[1;90m to &amp#27;[1;34mJohn Smith&amp#27;[1;90m&amp#27;[0m
Mar 27, 2026 11:11:20 AM pickleib.steps.BuiltInSteps updateContext
INFO: &amp#27;[1;90mUpdating context &amp#27;[1;34mtestEmail&amp#27;[1;90m to &amp#27;[1;34mjohn@example.com&amp#27;[1;90m&amp#27;[0m
Mar 27, 2026 11:11:20 AM pickleib.utilities.interfaces.repository.ElementRepository acquireElementList
INFO: &amp#27;[1;90mAcquiring element list from &amp#27;[1;34mFormsPage&amp#27;[0m&amp#27;[0m
Mar 27, 2026 11:11:20 AM pickleib.web.interactions.WebInteractions fillForm
INFO: &amp#27;[1;90mFilling form on &amp#27;[1;34mFormsPage&amp#27;[0m&amp#27;[0m
Mar 27, 2026 11:11:20 AM pickleib.utilities.helpers.InputHelper fillInputForm
INFO: &amp#27;[1;90mFilling &amp#27;[1;34mnameInput&amp#27;[0m&amp#27;[1;90m on the &amp#27;[0m&amp#27;[1;34mFormsPage&amp#27;[0m&amp#27;[1;90m with the text: &amp#27;[0m&amp#27;[1;34mJohn Smith&amp#27;[0m&amp#27;[0m
Mar 27, 2026 11:11:20 AM pickleib.utilities.helpers.InputHelper fillInputForm
INFO: &amp#27;[1;90mFilling &amp#27;[1;34memailInput&amp#27;[0m&amp#27;[1;90m on the &amp#27;[0m&amp#27;[1;34mFormsPage&amp#27;[0m&amp#27;[1;90m with the text: &amp#27;[0m&amp#27;[1;34mjohn@example.com&amp#27;[0m&amp#27;[0m
Mar 27, 2026 11:11:21 AM pickleib.utilities.helpers.InputHelper fillInputForm
INFO: &amp#27;[1;90mFilling &amp#27;[1;34mmobileInput&amp#27;[0m&amp#27;[1;90m on the &amp#27;[0m&amp#27;[1;34mFormsPage&amp#27;[0m&amp#27;[1;90m with the text: &amp#27;[0m&amp#27;[1;34m0655500001&amp#27;[0m&amp#27;[0m
Mar 27, 2026 11:11:21 AM pickleib.utilities.helpers.InputHelper fillInputForm
INFO: &amp#27;[1;90mFilling &amp#27;[1;34mhobbiesInput&amp#27;[0m&amp#27;[1;90m on the &amp#27;[0m&amp#27;[1;34mFormsPage&amp#27;[0m&amp#27;[1;90m with the text: &amp#27;[0m&amp#27;[1;34mReading&amp#27;[0m&amp#27;[0m
Mar 27, 2026 11:11:21 AM pickleib.utilities.helpers.InputHelper fillInputForm
INFO: &amp#27;[1;90mFilling &amp#27;[1;34maddressInput&amp#27;[0m&amp#27;[1;90m on the &amp#27;[0m&amp#27;[1;34mFormsPage&amp#27;[0m&amp#27;[1;90m with the text: &amp#27;[0m&amp#27;[1;34m123 Main Street&amp#27;[0m&amp#27;[0m
Mar 27, 2026 11:11:22 AM pickleib.utilities.helpers.InputHelper fillInputForm
INFO: &amp#27;[1;90mFilling &amp#27;[1;34mcityInput&amp#27;[0m&amp#27;[1;90m on the &amp#27;[0m&amp#27;[1;34mFormsPage&amp#27;[0m&amp#27;[1;90m with the text: &amp#27;[0m&amp#27;[1;34mAmsterdam&amp#27;[0m&amp#27;[0m
Mar 27, 2026 11:11:22 AM pickleib.web.interactions.WebInteractions fillForm
INFO: &amp#27;[1;32mForm was filled on &amp#27;[1;34mFormsPage&amp#27;[0m&amp#27;[0m
Mar 27, 2026 11:11:22 AM pickleib.utilities.interfaces.repository.ElementRepository acquireElementFromPage
INFO: &amp#27;[1;90mAcquiring element &amp#27;[1;34msubmitButton&amp#27;[0m&amp#27;[1;90m from the &amp#27;[0m&amp#27;[1;34mFormsPage&amp#27;[0m&amp#27;[0m
Mar 27, 2026 11:11:22 AM pickleib.web.interactions.WebInteractions clickElement
INFO: &amp#27;[1;90mClicking &amp#27;[1;34msubmitButton&amp#27;[0m&amp#27;[1;90m on &amp#27;[0m&amp#27;[1;34mFormsPage&amp#27;[0m&amp#27;[0m
Mar 27, 2026 11:11:23 AM pickleib.utilities.interfaces.repository.ElementRepository acquireElementFromPage
INFO: &amp#27;[1;90mAcquiring element &amp#27;[1;34msubmissionTitle&amp#27;[0m&amp#27;[1;90m from the &amp#27;[0m&amp#27;[1;34mFormsPage&amp#27;[0m&amp#27;[0m
Mar 27, 2026 11:11:23 AM pickleib.web.interactions.WebInteractions waitUntilVisible
INFO: &amp#27;[1;90mWaiting visibility of &amp#27;[1;34msubmissionTitle&amp#27;[0m&amp#27;[1;90m on the &amp#27;[0m&amp#27;[1;34mFormsPage&amp#27;[0m&amp#27;[0m
Mar 27, 2026 11:11:23 AM pickleib.web.interactions.WebInteractions waitUntilVisible
INFO: &amp#27;[1;90mElement is visible ? &amp#27;[1;34mtrue&amp#27;[0m&amp#27;[0m
Mar 27, 2026 11:11:23 AM pickleib.utilities.interfaces.repository.ElementRepository acquireElementFromPage
INFO: &amp#27;[1;90mAcquiring element &amp#27;[1;34msubmissionTitle&amp#27;[0m&amp#27;[1;90m from the &amp#27;[0m&amp#27;[1;34mFormsPage&amp#27;[0m&amp#27;[0m
Mar 27, 2026 11:11:23 AM pickleib.web.interactions.WebInteractions centerElement
INFO: &amp#27;[1;90mCentering &amp#27;[1;34msubmissionTitle&amp#27;[0m&amp#27;[1;90m on &amp#27;[0m&amp#27;[1;34mFormsPage&amp#27;[0m&amp#27;[0m
Mar 27, 2026 11:11:23 AM pickleib.utilities.helpers.ElementStateHelper verifyElementContainsText
INFO: &amp#27;[1;90mVerifying that text of element &amp#27;[1;34msubmissionTitle&amp#27;[0m&amp#27;[1;90m contains &amp#27;[0m&amp#27;[1;34mSubmitted Information&amp#27;[0m&amp#27;[1;90m on &amp#27;[0m&amp#27;[1;34mformsPage&amp#27;[0m&amp#27;[0m
Mar 27, 2026 11:11:23 AM pickleib.utilities.helpers.ElementStateHelper verifyElementContainsText
INFO: &amp#27;[1;32mThe element text does contain "Submitted Information" text!&amp#27;[0m
Mar 27, 2026 11:11:23 AM pickleib.web.driver.PickleibWebDriver terminate
INFO: &amp#27;[1;90mTerminating driver...&amp#27;[0m
Mar 27, 2026 11:11:23 AM steps.Hooks kill
INFO: &amp#27;[1;32mForm submission and verification: PASS!&amp#27;[0m
]]></system-err>
  </testcase>
  <testcase name="Fill individual input and verify value" classname="Vue Test App" time="2.131">
    <system-err><![CDATA[Mar 27, 2026 11:11:23 AM steps.Hooks before
INFO: &amp#27;[1;90mRunning: &amp#27;[1;35mFill individual input and verify value&amp#27;[0m&amp#27;[0m
Mar 27, 2026 11:11:23 AM steps.Hooks processScenarioTags
INFO: &amp#27;[1;35m[@VueTestApp, @Web-UI, @SCN-VUE-4]&amp#27;[0m
Mar 27, 2026 11:11:23 AM pickleib.web.driver.PickleibWebDriver initialize
INFO: &amp#27;[1;90mInitializing &amp#27;[1;35mChrome&amp#27;[1;90m driver...&amp#27;[0m
Mar 27, 2026 11:11:24 AM org.openqa.selenium.devtools.CdpVersionFinder findNearestMatch
WARNING: Unable to find CDP implementation matching 146
Mar 27, 2026 11:11:24 AM org.openqa.selenium.chromium.ChromiumDriver lambda$new$5
WARNING: Unable to find version of CDP to use for 146.0.7680.80. You may need to include a dependency on a specific version of the CDP using something similar to `org.seleniumhq.selenium:selenium-devtools-v86:4.19.0` where the version ("v86") matches the version of the chromium-based browser you're using and the version number of the artifact is the same as Selenium's.
Mar 27, 2026 11:11:24 AM pickleib.web.driver.WebDriverFactory getDriver
INFO: &amp#27;[1;35mChrome&amp#27;[1;90m was selected&amp#27;[0m
Mar 27, 2026 11:11:24 AM pickleib.web.interactions.WebInteractions navigate
INFO: &amp#27;[1;90mNavigating to &amp#27;[1;34mhttp://127.0.0.1:7457/&amp#27;[0m&amp#27;[0m
Mar 27, 2026 11:11:25 AM pickleib.web.interactions.WebInteractions getUrl
INFO: &amp#27;[1;90mNavigating to &amp#27;[1;34mhttp://127.0.0.1:7457/forms&amp#27;[0m&amp#27;[0m
Mar 27, 2026 11:11:25 AM pickleib.utilities.interfaces.repository.ElementRepository acquireElementFromPage
INFO: &amp#27;[1;90mAcquiring element &amp#27;[1;34mnameInput&amp#27;[0m&amp#27;[1;90m from the &amp#27;[0m&amp#27;[1;34mFormsPage&amp#27;[0m&amp#27;[0m
Mar 27, 2026 11:11:25 AM pickleib.web.interactions.WebInteractions fillInputElement
INFO: &amp#27;[1;90mFilling &amp#27;[1;34mnameInput&amp#27;[0m&amp#27;[1;90m on the &amp#27;[0m&amp#27;[1;34mFormsPage&amp#27;[0m&amp#27;[1;90m with the text: &amp#27;[0m&amp#27;[1;34mPickleib Tester&amp#27;[0m&amp#27;[0m
Mar 27, 2026 11:11:25 AM pickleib.utilities.interfaces.repository.ElementRepository acquireElementFromPage
INFO: &amp#27;[1;90mAcquiring element &amp#27;[1;34mnameInput&amp#27;[0m&amp#27;[1;90m from the &amp#27;[0m&amp#27;[1;34mFormsPage&amp#27;[0m&amp#27;[0m
Mar 27, 2026 11:11:25 AM pickleib.web.interactions.WebInteractions verifyElementAttributeContainsValue
INFO: &amp#27;[1;90mVerifying that &amp#27;[1;34mnameInput&amp#27;[0m&amp#27;[1;90m contains &amp#27;[0m&amp#27;[1;34mPickleib&amp#27;[0m&amp#27;[1;90m in its &amp#27;[0m&amp#27;[1;34mvalue&amp#27;[0m&amp#27;[1;90m attribute.&amp#27;[0m&amp#27;[0m
Mar 27, 2026 11:11:25 AM pickleib.web.interactions.WebInteractions verifyElementAttributeContainsValue
INFO: &amp#27;[1;32mThe value attribute of element nameInput is verified!&amp#27;[0m
Mar 27, 2026 11:11:25 AM pickleib.steps.BuiltInSteps verifyElementAttributeContainsValue
INFO: &amp#27;[1;90m-> &amp#27;[1;34mPickleib&amp#27;[1;90m&amp#27;[0m
Mar 27, 2026 11:11:25 AM pickleib.web.driver.PickleibWebDriver terminate
INFO: &amp#27;[1;90mTerminating driver...&amp#27;[0m
Mar 27, 2026 11:11:25 AM steps.Hooks kill
INFO: &amp#27;[1;32mFill individual input and verify value: PASS!&amp#27;[0m
]]></system-err>
  </testcase>
  <testcase name="Button click and result verification" classname="Vue Test App" time="3.976">
    <system-err><![CDATA[Mar 27, 2026 11:11:25 AM steps.Hooks before
INFO: &amp#27;[1;90mRunning: &amp#27;[1;35mButton click and result verification&amp#27;[0m&amp#27;[0m
Mar 27, 2026 11:11:25 AM steps.Hooks processScenarioTags
INFO: &amp#27;[1;35m[@VueTestApp, @Web-UI, @SCN-VUE-5]&amp#27;[0m
Mar 27, 2026 11:11:25 AM pickleib.web.driver.PickleibWebDriver initialize
INFO: &amp#27;[1;90mInitializing &amp#27;[1;35mChrome&amp#27;[1;90m driver...&amp#27;[0m
Mar 27, 2026 11:11:26 AM org.openqa.selenium.devtools.CdpVersionFinder findNearestMatch
WARNING: Unable to find CDP implementation matching 146
Mar 27, 2026 11:11:26 AM org.openqa.selenium.chromium.ChromiumDriver lambda$new$5
WARNING: Unable to find version of CDP to use for 146.0.7680.80. You may need to include a dependency on a specific version of the CDP using something similar to `org.seleniumhq.selenium:selenium-devtools-v86:4.19.0` where the version ("v86") matches the version of the chromium-based browser you're using and the version number of the artifact is the same as Selenium's.
Mar 27, 2026 11:11:26 AM pickleib.web.driver.WebDriverFactory getDriver
INFO: &amp#27;[1;35mChrome&amp#27;[1;90m was selected&amp#27;[0m
Mar 27, 2026 11:11:26 AM pickleib.web.interactions.WebInteractions navigate
INFO: &amp#27;[1;90mNavigating to &amp#27;[1;34mhttp://127.0.0.1:7457/&amp#27;[0m&amp#27;[0m
Mar 27, 2026 11:11:27 AM pickleib.web.interactions.WebInteractions getUrl
INFO: &amp#27;[1;90mNavigating to &amp#27;[1;34mhttp://127.0.0.1:7457/buttons&amp#27;[0m&amp#27;[0m
Mar 27, 2026 11:11:27 AM pickleib.utilities.interfaces.repository.ElementRepository acquireElementFromPage
INFO: &amp#27;[1;90mAcquiring element &amp#27;[1;34mresultText&amp#27;[0m&amp#27;[1;90m from the &amp#27;[0m&amp#27;[1;34mButtonsPage&amp#27;[0m&amp#27;[0m
Mar 27, 2026 11:11:27 AM pickleib.web.interactions.WebInteractions centerElement
INFO: &amp#27;[1;90mCentering &amp#27;[1;34mresultText&amp#27;[0m&amp#27;[1;90m on &amp#27;[0m&amp#27;[1;34mButtonsPage&amp#27;[0m&amp#27;[0m
Mar 27, 2026 11:11:27 AM pickleib.utilities.helpers.ElementStateHelper verifyElementContainsText
INFO: &amp#27;[1;90mVerifying that text of element &amp#27;[1;34mresultText&amp#27;[0m&amp#27;[1;90m contains &amp#27;[0m&amp#27;[1;34mLast clicked: none&amp#27;[0m&amp#27;[1;90m on &amp#27;[0m&amp#27;[1;34mbuttonsPage&amp#27;[0m&amp#27;[0m
Mar 27, 2026 11:11:27 AM pickleib.utilities.helpers.ElementStateHelper verifyElementContainsText
INFO: &amp#27;[1;32mThe element text does contain "Last clicked: none" text!&amp#27;[0m
Mar 27, 2026 11:11:27 AM pickleib.utilities.interfaces.repository.ElementRepository acquireElementFromPage
INFO: &amp#27;[1;90mAcquiring element &amp#27;[1;34mprimaryButton&amp#27;[0m&amp#27;[1;90m from the &amp#27;[0m&amp#27;[1;34mButtonsPage&amp#27;[0m&amp#27;[0m
Mar 27, 2026 11:11:27 AM pickleib.web.interactions.WebInteractions clickElement
INFO: &amp#27;[1;90mClicking &amp#27;[1;34mprimaryButton&amp#27;[0m&amp#27;[1;90m on &amp#27;[0m&amp#27;[1;34mButtonsPage&amp#27;[0m&amp#27;[0m
Mar 27, 2026 11:11:27 AM pickleib.utilities.interfaces.repository.ElementRepository acquireElementFromPage
INFO: &amp#27;[1;90mAcquiring element &amp#27;[1;34mresultText&amp#27;[0m&amp#27;[1;90m from the &amp#27;[0m&amp#27;[1;34mButtonsPage&amp#27;[0m&amp#27;[0m
Mar 27, 2026 11:11:27 AM pickleib.web.interactions.WebInteractions centerElement
INFO: &amp#27;[1;90mCentering &amp#27;[1;34mresultText&amp#27;[0m&amp#27;[1;90m on &amp#27;[0m&amp#27;[1;34mButtonsPage&amp#27;[0m&amp#27;[0m
Mar 27, 2026 11:11:28 AM pickleib.utilities.helpers.ElementStateHelper verifyElementContainsText
INFO: &amp#27;[1;90mVerifying that text of element &amp#27;[1;34mresultText&amp#27;[0m&amp#27;[1;90m contains &amp#27;[0m&amp#27;[1;34mPrimary&amp#27;[0m&amp#27;[1;90m on &amp#27;[0m&amp#27;[1;34mbuttonsPage&amp#27;[0m&amp#27;[0m
Mar 27, 2026 11:11:28 AM pickleib.utilities.helpers.ElementStateHelper verifyElementContainsText
INFO: &amp#27;[1;32mThe element text does contain "Primary" text!&amp#27;[0m
Mar 27, 2026 11:11:28 AM pickleib.utilities.interfaces.repository.ElementRepository acquireElementFromPage
INFO: &amp#27;[1;90mAcquiring element &amp#27;[1;34msecondaryButton&amp#27;[0m&amp#27;[1;90m from the &amp#27;[0m&amp#27;[1;34mButtonsPage&amp#27;[0m&amp#27;[0m
Mar 27, 2026 11:11:28 AM pickleib.web.interactions.WebInteractions clickElement
INFO: &amp#27;[1;90mClicking &amp#27;[1;34msecondaryButton&amp#27;[0m&amp#27;[1;90m on &amp#27;[0m&amp#27;[1;34mButtonsPage&amp#27;[0m&amp#27;[0m
Mar 27, 2026 11:11:28 AM pickleib.utilities.interfaces.repository.ElementRepository acquireElementFromPage
INFO: &amp#27;[1;90mAcquiring element &amp#27;[1;34mresultText&amp#27;[0m&amp#27;[1;90m from the &amp#27;[0m&amp#27;[1;34mButtonsPage&amp#27;[0m&amp#27;[0m
Mar 27, 2026 11:11:28 AM pickleib.web.interactions.WebInteractions centerElement
INFO: &amp#27;[1;90mCentering &amp#27;[1;34mresultText&amp#27;[0m&amp#27;[1;90m on &amp#27;[0m&amp#27;[1;34mButtonsPage&amp#27;[0m&amp#27;[0m
Mar 27, 2026 11:11:28 AM pickleib.utilities.helpers.ElementStateHelper verifyElementContainsText
INFO: &amp#27;[1;90mVerifying that text of element &amp#27;[1;34mresultText&amp#27;[0m&amp#27;[1;90m contains &amp#27;[0m&amp#27;[1;34mSecondary&amp#27;[0m&amp#27;[1;90m on &amp#27;[0m&amp#27;[1;34mbuttonsPage&amp#27;[0m&amp#27;[0m
Mar 27, 2026 11:11:28 AM pickleib.utilities.helpers.ElementStateHelper verifyElementContainsText
INFO: &amp#27;[1;32mThe element text does contain "Secondary" text!&amp#27;[0m
Mar 27, 2026 11:11:28 AM pickleib.utilities.interfaces.repository.ElementRepository acquireElementFromPage
INFO: &amp#27;[1;90mAcquiring element &amp#27;[1;34mdangerButton&amp#27;[0m&amp#27;[1;90m from the &amp#27;[0m&amp#27;[1;34mButtonsPage&amp#27;[0m&amp#27;[0m
Mar 27, 2026 11:11:28 AM pickleib.web.interactions.WebInteractions clickElement
INFO: &amp#27;[1;90mClicking &amp#27;[1;34mdangerButton&amp#27;[0m&amp#27;[1;90m on &amp#27;[0m&amp#27;[1;34mButtonsPage&amp#27;[0m&amp#27;[0m
Mar 27, 2026 11:11:29 AM pickleib.utilities.interfaces.repository.ElementRepository acquireElementFromPage
INFO: &amp#27;[1;90mAcquiring element &amp#27;[1;34mresultText&amp#27;[0m&amp#27;[1;90m from the &amp#27;[0m&amp#27;[1;34mButtonsPage&amp#27;[0m&amp#27;[0m
Mar 27, 2026 11:11:29 AM pickleib.web.interactions.WebInteractions centerElement
INFO: &amp#27;[1;90mCentering &amp#27;[1;34mresultText&amp#27;[0m&amp#27;[1;90m on &amp#27;[0m&amp#27;[1;34mButtonsPage&amp#27;[0m&amp#27;[0m
Mar 27, 2026 11:11:29 AM pickleib.utilities.helpers.ElementStateHelper verifyElementContainsText
INFO: &amp#27;[1;90mVerifying that text of element &amp#27;[1;34mresultText&amp#27;[0m&amp#27;[1;90m contains &amp#27;[0m&amp#27;[1;34mDanger&amp#27;[0m&amp#27;[1;90m on &amp#27;[0m&amp#27;[1;34mbuttonsPage&amp#27;[0m&amp#27;[0m
Mar 27, 2026 11:11:29 AM pickleib.utilities.helpers.ElementStateHelper verifyElementContainsText
INFO: &amp#27;[1;32mThe element text does contain "Danger" text!&amp#27;[0m
Mar 27, 2026 11:11:29 AM pickleib.web.driver.PickleibWebDriver terminate
INFO: &amp#27;[1;90mTerminating driver...&amp#27;[0m
Mar 27, 2026 11:11:29 AM steps.Hooks kill
INFO: &amp#27;[1;32mButton click and result verification: PASS!&amp#27;[0m
]]></system-err>
  </testcase>
  <testcase name="Button states — disabled element verification" classname="Vue Test App" time="1.862">
    <system-err><![CDATA[Mar 27, 2026 11:11:29 AM steps.Hooks before
INFO: &amp#27;[1;90mRunning: &amp#27;[1;35mButton states — disabled element verification&amp#27;[0m&amp#27;[0m
Mar 27, 2026 11:11:29 AM steps.Hooks processScenarioTags
INFO: &amp#27;[1;35m[@VueTestApp, @Web-UI, @SCN-VUE-6]&amp#27;[0m
Mar 27, 2026 11:11:29 AM pickleib.web.driver.PickleibWebDriver initialize
INFO: &amp#27;[1;90mInitializing &amp#27;[1;35mChrome&amp#27;[1;90m driver...&amp#27;[0m
Mar 27, 2026 11:11:30 AM org.openqa.selenium.devtools.CdpVersionFinder findNearestMatch
WARNING: Unable to find CDP implementation matching 146
Mar 27, 2026 11:11:30 AM org.openqa.selenium.chromium.ChromiumDriver lambda$new$5
WARNING: Unable to find version of CDP to use for 146.0.7680.80. You may need to include a dependency on a specific version of the CDP using something similar to `org.seleniumhq.selenium:selenium-devtools-v86:4.19.0` where the version ("v86") matches the version of the chromium-based browser you're using and the version number of the artifact is the same as Selenium's.
Mar 27, 2026 11:11:30 AM pickleib.web.driver.WebDriverFactory getDriver
INFO: &amp#27;[1;35mChrome&amp#27;[1;90m was selected&amp#27;[0m
Mar 27, 2026 11:11:30 AM pickleib.web.interactions.WebInteractions navigate
INFO: &amp#27;[1;90mNavigating to &amp#27;[1;34mhttp://127.0.0.1:7457/&amp#27;[0m&amp#27;[0m
Mar 27, 2026 11:11:30 AM pickleib.web.interactions.WebInteractions getUrl
INFO: &amp#27;[1;90mNavigating to &amp#27;[1;34mhttp://127.0.0.1:7457/buttons&amp#27;[0m&amp#27;[0m
Mar 27, 2026 11:11:31 AM pickleib.utilities.interfaces.repository.ElementRepository acquireElementFromPage
INFO: &amp#27;[1;90mAcquiring element &amp#27;[1;34mpageTitle&amp#27;[0m&amp#27;[1;90m from the &amp#27;[0m&amp#27;[1;34mButtonsPage&amp#27;[0m&amp#27;[0m
Mar 27, 2026 11:11:31 AM pickleib.web.interactions.WebInteractions centerElement
INFO: &amp#27;[1;90mCentering &amp#27;[1;34mpageTitle&amp#27;[0m&amp#27;[1;90m on &amp#27;[0m&amp#27;[1;34mButtonsPage&amp#27;[0m&amp#27;[0m
Mar 27, 2026 11:11:31 AM pickleib.utilities.helpers.ElementStateHelper verifyElementContainsText
INFO: &amp#27;[1;90mVerifying that text of element &amp#27;[1;34mpageTitle&amp#27;[0m&amp#27;[1;90m contains &amp#27;[0m&amp#27;[1;34mButtons&amp#27;[0m&amp#27;[1;90m on &amp#27;[0m&amp#27;[1;34mbuttonsPage&amp#27;[0m&amp#27;[0m
Mar 27, 2026 11:11:31 AM pickleib.utilities.helpers.ElementStateHelper verifyElementContainsText
INFO: &amp#27;[1;32mThe element text does contain "Buttons" text!&amp#27;[0m
Mar 27, 2026 11:11:31 AM pickleib.utilities.interfaces.repository.ElementRepository acquireElementFromPage
INFO: &amp#27;[1;90mAcquiring element &amp#27;[1;34mdisabledButton&amp#27;[0m&amp#27;[1;90m from the &amp#27;[0m&amp#27;[1;34mButtonsPage&amp#27;[0m&amp#27;[0m
Mar 27, 2026 11:11:31 AM pickleib.web.interactions.WebInteractions verifyElementState
INFO: &amp#27;[1;90mVerifying that the state of &amp#27;[1;34mdisabledButton&amp#27;[0m&amp#27;[1;90m is &amp#27;[0m&amp#27;[1;34mdisabled&amp#27;[0m&amp#27;[1;90m on the &amp#27;[0m&amp#27;[1;34mButtonsPage&amp#27;[0m&amp#27;[0m
Mar 27, 2026 11:11:31 AM pickleib.utilities.helpers.ElementStateHelper verifyElementState
INFO: &amp#27;[1;32mElement state is verified to be: disabled&amp#27;[0m
Mar 27, 2026 11:11:31 AM pickleib.web.driver.PickleibWebDriver terminate
INFO: &amp#27;[1;90mTerminating driver...&amp#27;[0m
Mar 27, 2026 11:11:31 AM steps.Hooks kill
INFO: &amp#27;[1;32mButton states — disabled element verification: PASS!&amp#27;[0m
]]></system-err>
  </testcase>
  <testcase name="Alert page button interactions" classname="Vue Test App" time="1.965">
    <system-err><![CDATA[Mar 27, 2026 11:11:31 AM steps.Hooks before
INFO: &amp#27;[1;90mRunning: &amp#27;[1;35mAlert page button interactions&amp#27;[0m&amp#27;[0m
Mar 27, 2026 11:11:31 AM steps.Hooks processScenarioTags
INFO: &amp#27;[1;35m[@VueTestApp, @Web-UI, @SCN-VUE-7]&amp#27;[0m
Mar 27, 2026 11:11:31 AM pickleib.web.driver.PickleibWebDriver initialize
INFO: &amp#27;[1;90mInitializing &amp#27;[1;35mChrome&amp#27;[1;90m driver...&amp#27;[0m
Mar 27, 2026 11:11:32 AM org.openqa.selenium.devtools.CdpVersionFinder findNearestMatch
WARNING: Unable to find CDP implementation matching 146
Mar 27, 2026 11:11:32 AM org.openqa.selenium.chromium.ChromiumDriver lambda$new$5
WARNING: Unable to find version of CDP to use for 146.0.7680.80. You may need to include a dependency on a specific version of the CDP using something similar to `org.seleniumhq.selenium:selenium-devtools-v86:4.19.0` where the version ("v86") matches the version of the chromium-based browser you're using and the version number of the artifact is the same as Selenium's.
Mar 27, 2026 11:11:32 AM pickleib.web.driver.WebDriverFactory getDriver
INFO: &amp#27;[1;35mChrome&amp#27;[1;90m was selected&amp#27;[0m
Mar 27, 2026 11:11:32 AM pickleib.web.interactions.WebInteractions navigate
INFO: &amp#27;[1;90mNavigating to &amp#27;[1;34mhttp://127.0.0.1:7457/&amp#27;[0m&amp#27;[0m
Mar 27, 2026 11:11:32 AM pickleib.web.interactions.WebInteractions getUrl
INFO: &amp#27;[1;90mNavigating to &amp#27;[1;34mhttp://127.0.0.1:7457/alerts&amp#27;[0m&amp#27;[0m
Mar 27, 2026 11:11:32 AM pickleib.utilities.interfaces.repository.ElementRepository acquireElementFromPage
INFO: &amp#27;[1;90mAcquiring element &amp#27;[1;34mclickMeButton&amp#27;[0m&amp#27;[1;90m from the &amp#27;[0m&amp#27;[1;34mAlertsPage&amp#27;[0m&amp#27;[0m
Mar 27, 2026 11:11:32 AM pickleib.web.interactions.WebInteractions waitUntilVisible
INFO: &amp#27;[1;90mWaiting visibility of &amp#27;[1;34mclickMeButton&amp#27;[0m&amp#27;[1;90m on the &amp#27;[0m&amp#27;[1;34mAlertsPage&amp#27;[0m&amp#27;[0m
Mar 27, 2026 11:11:32 AM pickleib.web.interactions.WebInteractions waitUntilVisible
INFO: &amp#27;[1;90mElement is visible ? &amp#27;[1;34mtrue&amp#27;[0m&amp#27;[0m
Mar 27, 2026 11:11:32 AM pickleib.utilities.interfaces.repository.ElementRepository acquireElementFromPage
INFO: &amp#27;[1;90mAcquiring element &amp#27;[1;34mclickMeButton&amp#27;[0m&amp#27;[1;90m from the &amp#27;[0m&amp#27;[1;34mAlertsPage&amp#27;[0m&amp#27;[0m
Mar 27, 2026 11:11:32 AM pickleib.web.interactions.WebInteractions verifyElementState
INFO: &amp#27;[1;90mVerifying that the state of &amp#27;[1;34mclickMeButton&amp#27;[0m&amp#27;[1;90m is &amp#27;[0m&amp#27;[1;34mdisplayed&amp#27;[0m&amp#27;[1;90m on the &amp#27;[0m&amp#27;[1;34mAlertsPage&amp#27;[0m&amp#27;[0m
Mar 27, 2026 11:11:32 AM pickleib.utilities.helpers.ElementStateHelper verifyElementState
INFO: &amp#27;[1;32mElement state is verified to be: displayed&amp#27;[0m
Mar 27, 2026 11:11:32 AM pickleib.utilities.interfaces.repository.ElementRepository acquireElementFromPage
INFO: &amp#27;[1;90mAcquiring element &amp#27;[1;34mrightClickMeButton&amp#27;[0m&amp#27;[1;90m from the &amp#27;[0m&amp#27;[1;34mAlertsPage&amp#27;[0m&amp#27;[0m
Mar 27, 2026 11:11:33 AM pickleib.web.interactions.WebInteractions verifyElementState
INFO: &amp#27;[1;90mVerifying that the state of &amp#27;[1;34mrightClickMeButton&amp#27;[0m&amp#27;[1;90m is &amp#27;[0m&amp#27;[1;34mdisplayed&amp#27;[0m&amp#27;[1;90m on the &amp#27;[0m&amp#27;[1;34mAlertsPage&amp#27;[0m&amp#27;[0m
Mar 27, 2026 11:11:33 AM pickleib.utilities.helpers.ElementStateHelper verifyElementState
INFO: &amp#27;[1;32mElement state is verified to be: displayed&amp#27;[0m
Mar 27, 2026 11:11:33 AM pickleib.utilities.interfaces.repository.ElementRepository acquireElementFromPage
INFO: &amp#27;[1;90mAcquiring element &amp#27;[1;34mdoubleClickMeButton&amp#27;[0m&amp#27;[1;90m from the &amp#27;[0m&amp#27;[1;34mAlertsPage&amp#27;[0m&amp#27;[0m
Mar 27, 2026 11:11:33 AM pickleib.web.interactions.WebInteractions verifyElementState
INFO: &amp#27;[1;90mVerifying that the state of &amp#27;[1;34mdoubleClickMeButton&amp#27;[0m&amp#27;[1;90m is &amp#27;[0m&amp#27;[1;34mdisplayed&amp#27;[0m&amp#27;[1;90m on the &amp#27;[0m&amp#27;[1;34mAlertsPage&amp#27;[0m&amp#27;[0m
Mar 27, 2026 11:11:33 AM pickleib.utilities.helpers.ElementStateHelper verifyElementState
INFO: &amp#27;[1;32mElement state is verified to be: displayed&amp#27;[0m
Mar 27, 2026 11:11:33 AM pickleib.utilities.interfaces.repository.ElementRepository acquireElementFromPage
INFO: &amp#27;[1;90mAcquiring element &amp#27;[1;34mclickMeButton&amp#27;[0m&amp#27;[1;90m from the &amp#27;[0m&amp#27;[1;34mAlertsPage&amp#27;[0m&amp#27;[0m
Mar 27, 2026 11:11:33 AM pickleib.web.interactions.WebInteractions clickElement
INFO: &amp#27;[1;90mClicking &amp#27;[1;34mclickMeButton&amp#27;[0m&amp#27;[1;90m on &amp#27;[0m&amp#27;[1;34mAlertsPage&amp#27;[0m&amp#27;[0m
Mar 27, 2026 11:11:33 AM pickleib.web.driver.PickleibWebDriver terminate
INFO: &amp#27;[1;90mTerminating driver...&amp#27;[0m
Mar 27, 2026 11:11:33 AM steps.Hooks kill
INFO: &amp#27;[1;32mAlert page button interactions: PASS!&amp#27;[0m
]]></system-err>
  </testcase>
  <testcase name="Dropdown elements presence" classname="Vue Test App" time="1.524">
    <system-err><![CDATA[Mar 27, 2026 11:11:33 AM steps.Hooks before
INFO: &amp#27;[1;90mRunning: &amp#27;[1;35mDropdown elements presence&amp#27;[0m&amp#27;[0m
Mar 27, 2026 11:11:33 AM steps.Hooks processScenarioTags
INFO: &amp#27;[1;35m[@VueTestApp, @Web-UI, @SCN-VUE-8]&amp#27;[0m
Mar 27, 2026 11:11:33 AM pickleib.web.driver.PickleibWebDriver initialize
INFO: &amp#27;[1;90mInitializing &amp#27;[1;35mChrome&amp#27;[1;90m driver...&amp#27;[0m
Mar 27, 2026 11:11:34 AM org.openqa.selenium.devtools.CdpVersionFinder findNearestMatch
WARNING: Unable to find CDP implementation matching 146
Mar 27, 2026 11:11:34 AM org.openqa.selenium.chromium.ChromiumDriver lambda$new$5
WARNING: Unable to find version of CDP to use for 146.0.7680.80. You may need to include a dependency on a specific version of the CDP using something similar to `org.seleniumhq.selenium:selenium-devtools-v86:4.19.0` where the version ("v86") matches the version of the chromium-based browser you're using and the version number of the artifact is the same as Selenium's.
Mar 27, 2026 11:11:34 AM pickleib.web.driver.WebDriverFactory getDriver
INFO: &amp#27;[1;35mChrome&amp#27;[1;90m was selected&amp#27;[0m
Mar 27, 2026 11:11:34 AM pickleib.web.interactions.WebInteractions navigate
INFO: &amp#27;[1;90mNavigating to &amp#27;[1;34mhttp://127.0.0.1:7457/&amp#27;[0m&amp#27;[0m
Mar 27, 2026 11:11:34 AM pickleib.web.interactions.WebInteractions getUrl
INFO: &amp#27;[1;90mNavigating to &amp#27;[1;34mhttp://127.0.0.1:7457/dropdown&amp#27;[0m&amp#27;[0m
Mar 27, 2026 11:11:34 AM pickleib.utilities.interfaces.repository.ElementRepository acquireElementFromPage
INFO: &amp#27;[1;90mAcquiring element &amp#27;[1;34msingleSelect&amp#27;[0m&amp#27;[1;90m from the &amp#27;[0m&amp#27;[1;34mDropdownPage&amp#27;[0m&amp#27;[0m
Mar 27, 2026 11:11:34 AM pickleib.web.interactions.WebInteractions waitUntilVisible
INFO: &amp#27;[1;90mWaiting visibility of &amp#27;[1;34msingleSelect&amp#27;[0m&amp#27;[1;90m on the &amp#27;[0m&amp#27;[1;34mDropdownPage&amp#27;[0m&amp#27;[0m
Mar 27, 2026 11:11:34 AM pickleib.web.interactions.WebInteractions waitUntilVisible
INFO: &amp#27;[1;90mElement is visible ? &amp#27;[1;34mtrue&amp#27;[0m&amp#27;[0m
Mar 27, 2026 11:11:34 AM pickleib.utilities.interfaces.repository.ElementRepository acquireElementFromPage
INFO: &amp#27;[1;90mAcquiring element &amp#27;[1;34msingleSelect&amp#27;[0m&amp#27;[1;90m from the &amp#27;[0m&amp#27;[1;34mDropdownPage&amp#27;[0m&amp#27;[0m
Mar 27, 2026 11:11:34 AM pickleib.web.interactions.WebInteractions verifyElementState
INFO: &amp#27;[1;90mVerifying that the state of &amp#27;[1;34msingleSelect&amp#27;[0m&amp#27;[1;90m is &amp#27;[0m&amp#27;[1;34mdisplayed&amp#27;[0m&amp#27;[1;90m on the &amp#27;[0m&amp#27;[1;34mDropdownPage&amp#27;[0m&amp#27;[0m
Mar 27, 2026 11:11:34 AM pickleib.utilities.helpers.ElementStateHelper verifyElementState
INFO: &amp#27;[1;32mElement state is verified to be: displayed&amp#27;[0m
Mar 27, 2026 11:11:34 AM pickleib.utilities.interfaces.repository.ElementRepository acquireElementFromPage
INFO: &amp#27;[1;90mAcquiring element &amp#27;[1;34mmultiSelect&amp#27;[0m&amp#27;[1;90m from the &amp#27;[0m&amp#27;[1;34mDropdownPage&amp#27;[0m&amp#27;[0m
Mar 27, 2026 11:11:34 AM pickleib.web.interactions.WebInteractions verifyElementState
INFO: &amp#27;[1;90mVerifying that the state of &amp#27;[1;34mmultiSelect&amp#27;[0m&amp#27;[1;90m is &amp#27;[0m&amp#27;[1;34mdisplayed&amp#27;[0m&amp#27;[1;90m on the &amp#27;[0m&amp#27;[1;34mDropdownPage&amp#27;[0m&amp#27;[0m
Mar 27, 2026 11:11:34 AM pickleib.utilities.helpers.ElementStateHelper verifyElementState
INFO: &amp#27;[1;32mElement state is verified to be: displayed&amp#27;[0m
Mar 27, 2026 11:11:34 AM pickleib.utilities.interfaces.repository.ElementRepository acquireElementFromPage
INFO: &amp#27;[1;90mAcquiring element &amp#27;[1;34mcustomDropdownButton&amp#27;[0m&amp#27;[1;90m from the &amp#27;[0m&amp#27;[1;34mDropdownPage&amp#27;[0m&amp#27;[0m
Mar 27, 2026 11:11:34 AM pickleib.web.interactions.WebInteractions verifyElementState
INFO: &amp#27;[1;90mVerifying that the state of &amp#27;[1;34mcustomDropdownButton&amp#27;[0m&amp#27;[1;90m is &amp#27;[0m&amp#27;[1;34mdisplayed&amp#27;[0m&amp#27;[1;90m on the &amp#27;[0m&amp#27;[1;34mDropdownPage&amp#27;[0m&amp#27;[0m
Mar 27, 2026 11:11:34 AM pickleib.utilities.helpers.ElementStateHelper verifyElementState
INFO: &amp#27;[1;32mElement state is verified to be: displayed&amp#27;[0m
Mar 27, 2026 11:11:34 AM pickleib.web.driver.PickleibWebDriver terminate
INFO: &amp#27;[1;90mTerminating driver...&amp#27;[0m
Mar 27, 2026 11:11:35 AM steps.Hooks kill
INFO: &amp#27;[1;32mDropdown elements presence: PASS!&amp#27;[0m
]]></system-err>
  </testcase>
  <testcase name="Tall page scroll and section verification" classname="Vue Test App" time="2.315">
    <system-err><![CDATA[Mar 27, 2026 11:11:35 AM steps.Hooks before
INFO: &amp#27;[1;90mRunning: &amp#27;[1;35mTall page scroll and section verification&amp#27;[0m&amp#27;[0m
Mar 27, 2026 11:11:35 AM steps.Hooks processScenarioTags
INFO: &amp#27;[1;35m[@VueTestApp, @Web-UI, @SCN-VUE-9]&amp#27;[0m
Mar 27, 2026 11:11:35 AM pickleib.web.driver.PickleibWebDriver initialize
INFO: &amp#27;[1;90mInitializing &amp#27;[1;35mChrome&amp#27;[1;90m driver...&amp#27;[0m
Mar 27, 2026 11:11:36 AM org.openqa.selenium.devtools.CdpVersionFinder findNearestMatch
WARNING: Unable to find CDP implementation matching 146
Mar 27, 2026 11:11:36 AM org.openqa.selenium.chromium.ChromiumDriver lambda$new$5
WARNING: Unable to find version of CDP to use for 146.0.7680.80. You may need to include a dependency on a specific version of the CDP using something similar to `org.seleniumhq.selenium:selenium-devtools-v86:4.19.0` where the version ("v86") matches the version of the chromium-based browser you're using and the version number of the artifact is the same as Selenium's.
Mar 27, 2026 11:11:36 AM pickleib.web.driver.WebDriverFactory getDriver
INFO: &amp#27;[1;35mChrome&amp#27;[1;90m was selected&amp#27;[0m
Mar 27, 2026 11:11:36 AM pickleib.web.interactions.WebInteractions navigate
INFO: &amp#27;[1;90mNavigating to &amp#27;[1;34mhttp://127.0.0.1:7457/&amp#27;[0m&amp#27;[0m
Mar 27, 2026 11:11:36 AM pickleib.web.interactions.WebInteractions getUrl
INFO: &amp#27;[1;90mNavigating to &amp#27;[1;34mhttp://127.0.0.1:7457/tall&amp#27;[0m&amp#27;[0m
Mar 27, 2026 11:11:36 AM pickleib.utilities.interfaces.repository.ElementRepository acquireElementFromPage
INFO: &amp#27;[1;90mAcquiring element &amp#27;[1;34mpageTitle&amp#27;[0m&amp#27;[1;90m from the &amp#27;[0m&amp#27;[1;34mTallPage&amp#27;[0m&amp#27;[0m
Mar 27, 2026 11:11:36 AM pickleib.web.interactions.WebInteractions centerElement
INFO: &amp#27;[1;90mCentering &amp#27;[1;34mpageTitle&amp#27;[0m&amp#27;[1;90m on &amp#27;[0m&amp#27;[1;34mTallPage&amp#27;[0m&amp#27;[0m
Mar 27, 2026 11:11:36 AM pickleib.utilities.helpers.ElementStateHelper verifyElementContainsText
INFO: &amp#27;[1;90mVerifying that text of element &amp#27;[1;34mpageTitle&amp#27;[0m&amp#27;[1;90m contains &amp#27;[0m&amp#27;[1;34mTall Page&amp#27;[0m&amp#27;[1;90m on &amp#27;[0m&amp#27;[1;34mtallPage&amp#27;[0m&amp#27;[0m
Mar 27, 2026 11:11:36 AM pickleib.utilities.helpers.ElementStateHelper verifyElementContainsText
INFO: &amp#27;[1;32mThe element text does contain "Tall Page" text!&amp#27;[0m
Mar 27, 2026 11:11:36 AM pickleib.utilities.interfaces.repository.ElementRepository acquireElementFromPage
INFO: &amp#27;[1;90mAcquiring element &amp#27;[1;34mscrollInfo&amp#27;[0m&amp#27;[1;90m from the &amp#27;[0m&amp#27;[1;34mTallPage&amp#27;[0m&amp#27;[0m
Mar 27, 2026 11:11:36 AM pickleib.web.interactions.WebInteractions verifyElementState
INFO: &amp#27;[1;90mVerifying that the state of &amp#27;[1;34mscrollInfo&amp#27;[0m&amp#27;[1;90m is &amp#27;[0m&amp#27;[1;34mdisplayed&amp#27;[0m&amp#27;[1;90m on the &amp#27;[0m&amp#27;[1;34mTallPage&amp#27;[0m&amp#27;[0m
Mar 27, 2026 11:11:36 AM pickleib.utilities.helpers.ElementStateHelper verifyElementState
INFO: &amp#27;[1;32mElement state is verified to be: displayed&amp#27;[0m
Mar 27, 2026 11:11:36 AM pickleib.utilities.interfaces.repository.ElementRepository acquireListedElementFromPage
INFO: &amp#27;[1;90mAcquiring listed element named &amp#27;[1;34mSection 10&amp#27;[0m&amp#27;[1;90m selected from &amp#27;[0m&amp#27;[1;34msectionHeadings&amp#27;[0m&amp#27;[1;90m on  &amp#27;[0m&amp#27;[1;34mTallPage&amp#27;[0m&amp#27;[0m
Mar 27, 2026 11:11:36 AM pickleib.web.interactions.WebInteractions centerElement
INFO: &amp#27;[1;90mCentering &amp#27;[1;34mSection 10&amp#27;[0m&amp#27;[1;90m on &amp#27;[0m&amp#27;[1;34mTallPage&amp#27;[0m&amp#27;[0m
Mar 27, 2026 11:11:37 AM pickleib.utilities.interfaces.repository.ElementRepository acquireListedElementFromPage
INFO: &amp#27;[1;90mAcquiring listed element named &amp#27;[1;34mSection 5&amp#27;[0m&amp#27;[1;90m selected from &amp#27;[0m&amp#27;[1;34msectionHeadings&amp#27;[0m&amp#27;[1;90m on  &amp#27;[0m&amp#27;[1;34mTallPage&amp#27;[0m&amp#27;[0m
Mar 27, 2026 11:11:37 AM pickleib.utilities.helpers.ElementStateHelper verifyElementContainsText
INFO: &amp#27;[1;90mVerifying that text of element &amp#27;[1;34mSection 5&amp#27;[0m&amp#27;[1;90m contains &amp#27;[0m&amp#27;[1;34mSection 5&amp#27;[0m&amp#27;[1;90m on &amp#27;[0m&amp#27;[1;34mTallPage&amp#27;[0m&amp#27;[0m
Mar 27, 2026 11:11:37 AM pickleib.utilities.helpers.ElementStateHelper verifyElementContainsText
INFO: &amp#27;[1;32mThe element text does contain "Section 5" text!&amp#27;[0m
Mar 27, 2026 11:11:37 AM pickleib.web.driver.PickleibWebDriver terminate
INFO: &amp#27;[1;90mTerminating driver...&amp#27;[0m
Mar 27, 2026 11:11:37 AM steps.Hooks kill
INFO: &amp#27;[1;32mTall page scroll and section verification: PASS!&amp#27;[0m
]]></system-err>
  </testcase>
  <testcase name="Context store operations and assertions" classname="Vue Test App" time="1.349">
    <system-err><![CDATA[Mar 27, 2026 11:11:37 AM steps.Hooks before
INFO: &amp#27;[1;90mRunning: &amp#27;[1;35mContext store operations and assertions&amp#27;[0m&amp#27;[0m
Mar 27, 2026 11:11:37 AM steps.Hooks processScenarioTags
INFO: &amp#27;[1;35m[@VueTestApp, @Web-UI, @SCN-VUE-10]&amp#27;[0m
Mar 27, 2026 11:11:37 AM pickleib.web.driver.PickleibWebDriver initialize
INFO: &amp#27;[1;90mInitializing &amp#27;[1;35mChrome&amp#27;[1;90m driver...&amp#27;[0m
Mar 27, 2026 11:11:38 AM org.openqa.selenium.devtools.CdpVersionFinder findNearestMatch
WARNING: Unable to find CDP implementation matching 146
Mar 27, 2026 11:11:38 AM org.openqa.selenium.chromium.ChromiumDriver lambda$new$5
WARNING: Unable to find version of CDP to use for 146.0.7680.80. You may need to include a dependency on a specific version of the CDP using something similar to `org.seleniumhq.selenium:selenium-devtools-v86:4.19.0` where the version ("v86") matches the version of the chromium-based browser you're using and the version number of the artifact is the same as Selenium's.
Mar 27, 2026 11:11:38 AM pickleib.web.driver.WebDriverFactory getDriver
INFO: &amp#27;[1;35mChrome&amp#27;[1;90m was selected&amp#27;[0m
Mar 27, 2026 11:11:38 AM pickleib.web.interactions.WebInteractions navigate
INFO: &amp#27;[1;90mNavigating to &amp#27;[1;34mhttp://127.0.0.1:7457/&amp#27;[0m&amp#27;[0m
Mar 27, 2026 11:11:38 AM pickleib.steps.BuiltInSteps updateContext
INFO: &amp#27;[1;90mUpdating context &amp#27;[1;34mmyKey&amp#27;[1;90m to &amp#27;[1;34mmyValue&amp#27;[1;90m&amp#27;[0m
Mar 27, 2026 11:11:38 AM pickleib.steps.BuiltInSteps updateContext
INFO: &amp#27;[1;90mUpdating context &amp#27;[1;34manotherKey&amp#27;[1;90m to &amp#27;[1;34manotherValue&amp#27;[1;90m&amp#27;[0m
Mar 27, 2026 11:11:38 AM pickleib.steps.BuiltInSteps saveContextValueFromOneContextKeyToAnother
INFO: &amp#27;[1;90mValue of &amp#27;[1;34mmyKey&amp#27;[1;90m&amp#27;[1;32m was saved to &amp#27;[1;90m&amp#27;[1;34mcopiedKey&amp#27;[1;90m&amp#27;[0m
Mar 27, 2026 11:11:38 AM pickleib.steps.BuiltInSteps verifyText
INFO: &amp#27;[1;90mChecking values...&amp#27;[0m
Mar 27, 2026 11:11:38 AM pickleib.steps.BuiltInSteps verifyText
INFO: &amp#27;[1;32mValues verified as: myValue&amp#27;[0m
Mar 27, 2026 11:11:38 AM pickleib.steps.BuiltInSteps verifyNoText
INFO: &amp#27;[1;90mChecking values...&amp#27;[0m
Mar 27, 2026 11:11:38 AM pickleib.steps.BuiltInSteps verifyNoText
INFO: &amp#27;[1;32mValues verified as: anotherValue&amp#27;[0m
Mar 27, 2026 11:11:38 AM pickleib.web.driver.PickleibWebDriver terminate
INFO: &amp#27;[1;90mTerminating driver...&amp#27;[0m
Mar 27, 2026 11:11:38 AM steps.Hooks kill
INFO: &amp#27;[1;32mContext store operations and assertions: PASS!&amp#27;[0m
]]></system-err>
  </testcase>
  <testcase name="Element attribute verification" classname="Vue Test App" time="1.47">
    <system-err><![CDATA[Mar 27, 2026 11:11:38 AM steps.Hooks before
INFO: &amp#27;[1;90mRunning: &amp#27;[1;35mElement attribute verification&amp#27;[0m&amp#27;[0m
Mar 27, 2026 11:11:38 AM steps.Hooks processScenarioTags
INFO: &amp#27;[1;35m[@VueTestApp, @Web-UI, @SCN-VUE-11]&amp#27;[0m
Mar 27, 2026 11:11:38 AM pickleib.web.driver.PickleibWebDriver initialize
INFO: &amp#27;[1;90mInitializing &amp#27;[1;35mChrome&amp#27;[1;90m driver...&amp#27;[0m
Mar 27, 2026 11:11:39 AM org.openqa.selenium.devtools.CdpVersionFinder findNearestMatch
WARNING: Unable to find CDP implementation matching 146
Mar 27, 2026 11:11:39 AM org.openqa.selenium.chromium.ChromiumDriver lambda$new$5
WARNING: Unable to find version of CDP to use for 146.0.7680.80. You may need to include a dependency on a specific version of the CDP using something similar to `org.seleniumhq.selenium:selenium-devtools-v86:4.19.0` where the version ("v86") matches the version of the chromium-based browser you're using and the version number of the artifact is the same as Selenium's.
Mar 27, 2026 11:11:39 AM pickleib.web.driver.WebDriverFactory getDriver
INFO: &amp#27;[1;35mChrome&amp#27;[1;90m was selected&amp#27;[0m
Mar 27, 2026 11:11:39 AM pickleib.web.interactions.WebInteractions navigate
INFO: &amp#27;[1;90mNavigating to &amp#27;[1;34mhttp://127.0.0.1:7457/&amp#27;[0m&amp#27;[0m
Mar 27, 2026 11:11:39 AM pickleib.web.interactions.WebInteractions getUrl
INFO: &amp#27;[1;90mNavigating to &amp#27;[1;34mhttp://127.0.0.1:7457/buttons&amp#27;[0m&amp#27;[0m
Mar 27, 2026 11:11:40 AM pickleib.utilities.interfaces.repository.ElementRepository acquireElementFromPage
INFO: &amp#27;[1;90mAcquiring element &amp#27;[1;34mdisabledButton&amp#27;[0m&amp#27;[1;90m from the &amp#27;[0m&amp#27;[1;34mButtonsPage&amp#27;[0m&amp#27;[0m
Mar 27, 2026 11:11:40 AM pickleib.web.interactions.WebInteractions verifyElementState
INFO: &amp#27;[1;90mVerifying that the state of &amp#27;[1;34mdisabledButton&amp#27;[0m&amp#27;[1;90m is &amp#27;[0m&amp#27;[1;34mdisabled&amp#27;[0m&amp#27;[1;90m on the &amp#27;[0m&amp#27;[1;34mButtonsPage&amp#27;[0m&amp#27;[0m
Mar 27, 2026 11:11:40 AM pickleib.utilities.helpers.ElementStateHelper verifyElementState
INFO: &amp#27;[1;32mElement state is verified to be: disabled&amp#27;[0m
Mar 27, 2026 11:11:40 AM pickleib.utilities.interfaces.repository.ElementRepository acquireElementFromPage
INFO: &amp#27;[1;90mAcquiring element &amp#27;[1;34mdisabledButton&amp#27;[0m&amp#27;[1;90m from the &amp#27;[0m&amp#27;[1;34mButtonsPage&amp#27;[0m&amp#27;[0m
Mar 27, 2026 11:11:40 AM pickleib.web.interactions.WebInteractions verifyElementAttributeContainsValue
INFO: &amp#27;[1;90mVerifying that &amp#27;[1;34mdisabledButton&amp#27;[0m&amp#27;[1;90m contains &amp#27;[0m&amp#27;[1;34mtrue&amp#27;[0m&amp#27;[1;90m in its &amp#27;[0m&amp#27;[1;34mdisabled&amp#27;[0m&amp#27;[1;90m attribute.&amp#27;[0m&amp#27;[0m
Mar 27, 2026 11:11:40 AM pickleib.web.interactions.WebInteractions verifyElementAttributeContainsValue
INFO: &amp#27;[1;32mThe disabled attribute of element disabledButton is verified!&amp#27;[0m
Mar 27, 2026 11:11:40 AM pickleib.steps.BuiltInSteps verifyElementAttributeContainsValue
INFO: &amp#27;[1;90m-> &amp#27;[1;34mtrue&amp#27;[1;90m&amp#27;[0m
Mar 27, 2026 11:11:40 AM pickleib.web.driver.PickleibWebDriver terminate
INFO: &amp#27;[1;90mTerminating driver...&amp#27;[0m
Mar 27, 2026 11:11:40 AM steps.Hooks kill
INFO: &amp#27;[1;32mElement attribute verification: PASS!&amp#27;[0m
]]></system-err>
  </testcase>
  <testcase name="Wait operations" classname="Vue Test App" time="2.474">
    <system-err><![CDATA[Mar 27, 2026 11:11:40 AM steps.Hooks before
INFO: &amp#27;[1;90mRunning: &amp#27;[1;35mWait operations&amp#27;[0m&amp#27;[0m
Mar 27, 2026 11:11:40 AM steps.Hooks processScenarioTags
INFO: &amp#27;[1;35m[@VueTestApp, @Web-UI, @SCN-VUE-12]&amp#27;[0m
Mar 27, 2026 11:11:40 AM pickleib.web.driver.PickleibWebDriver initialize
INFO: &amp#27;[1;90mInitializing &amp#27;[1;35mChrome&amp#27;[1;90m driver...&amp#27;[0m
Mar 27, 2026 11:11:41 AM org.openqa.selenium.devtools.CdpVersionFinder findNearestMatch
WARNING: Unable to find CDP implementation matching 146
Mar 27, 2026 11:11:41 AM org.openqa.selenium.chromium.ChromiumDriver lambda$new$5
WARNING: Unable to find version of CDP to use for 146.0.7680.80. You may need to include a dependency on a specific version of the CDP using something similar to `org.seleniumhq.selenium:selenium-devtools-v86:4.19.0` where the version ("v86") matches the version of the chromium-based browser you're using and the version number of the artifact is the same as Selenium's.
Mar 27, 2026 11:11:41 AM pickleib.web.driver.WebDriverFactory getDriver
INFO: &amp#27;[1;35mChrome&amp#27;[1;90m was selected&amp#27;[0m
Mar 27, 2026 11:11:41 AM pickleib.web.interactions.WebInteractions navigate
INFO: &amp#27;[1;90mNavigating to &amp#27;[1;34mhttp://127.0.0.1:7457/&amp#27;[0m&amp#27;[0m
Mar 27, 2026 11:11:41 AM pickleib.web.interactions.WebInteractions getUrl
INFO: &amp#27;[1;90mNavigating to &amp#27;[1;34mhttp://127.0.0.1:7457/buttons&amp#27;[0m&amp#27;[0m
Mar 27, 2026 11:11:41 AM pickleib.utilities.interfaces.repository.ElementRepository acquireElementFromPage
INFO: &amp#27;[1;90mAcquiring element &amp#27;[1;34mpageTitle&amp#27;[0m&amp#27;[1;90m from the &amp#27;[0m&amp#27;[1;34mButtonsPage&amp#27;[0m&amp#27;[0m
Mar 27, 2026 11:11:41 AM pickleib.web.interactions.WebInteractions waitUntilVisible
INFO: &amp#27;[1;90mWaiting visibility of &amp#27;[1;34mpageTitle&amp#27;[0m&amp#27;[1;90m on the &amp#27;[0m&amp#27;[1;34mButtonsPage&amp#27;[0m&amp#27;[0m
Mar 27, 2026 11:11:41 AM pickleib.web.interactions.WebInteractions waitUntilVisible
INFO: &amp#27;[1;90mElement is visible ? &amp#27;[1;34mtrue&amp#27;[0m&amp#27;[0m
Mar 27, 2026 11:11:42 AM pickleib.utilities.interfaces.repository.ElementRepository acquireElementFromPage
INFO: &amp#27;[1;90mAcquiring element &amp#27;[1;34mprimaryButton&amp#27;[0m&amp#27;[1;90m from the &amp#27;[0m&amp#27;[1;34mButtonsPage&amp#27;[0m&amp#27;[0m
Mar 27, 2026 11:11:42 AM pickleib.web.interactions.WebInteractions verifyElementState
INFO: &amp#27;[1;90mVerifying that the state of &amp#27;[1;34mprimaryButton&amp#27;[0m&amp#27;[1;90m is &amp#27;[0m&amp#27;[1;34mdisplayed&amp#27;[0m&amp#27;[1;90m on the &amp#27;[0m&amp#27;[1;34mButtonsPage&amp#27;[0m&amp#27;[0m
Mar 27, 2026 11:11:42 AM pickleib.utilities.helpers.ElementStateHelper verifyElementState
INFO: &amp#27;[1;32mElement state is verified to be: displayed&amp#27;[0m
Mar 27, 2026 11:11:42 AM pickleib.web.driver.PickleibWebDriver terminate
INFO: &amp#27;[1;90mTerminating driver...&amp#27;[0m
Mar 27, 2026 11:11:42 AM steps.Hooks kill
INFO: &amp#27;[1;32mWait operations: PASS!&amp#27;[0m
]]></system-err>
  </testcase>
  <testcase name="If present click does not throw" classname="Vue Test App" time="1.805">
    <system-err><![CDATA[Mar 27, 2026 11:11:42 AM steps.Hooks before
INFO: &amp#27;[1;90mRunning: &amp#27;[1;35mIf present click does not throw&amp#27;[0m&amp#27;[0m
Mar 27, 2026 11:11:42 AM steps.Hooks processScenarioTags
INFO: &amp#27;[1;35m[@VueTestApp, @Web-UI, @SCN-VUE-13]&amp#27;[0m
Mar 27, 2026 11:11:42 AM pickleib.web.driver.PickleibWebDriver initialize
INFO: &amp#27;[1;90mInitializing &amp#27;[1;35mChrome&amp#27;[1;90m driver...&amp#27;[0m
Mar 27, 2026 11:11:43 AM org.openqa.selenium.devtools.CdpVersionFinder findNearestMatch
WARNING: Unable to find CDP implementation matching 146
Mar 27, 2026 11:11:43 AM org.openqa.selenium.chromium.ChromiumDriver lambda$new$5
WARNING: Unable to find version of CDP to use for 146.0.7680.80. You may need to include a dependency on a specific version of the CDP using something similar to `org.seleniumhq.selenium:selenium-devtools-v86:4.19.0` where the version ("v86") matches the version of the chromium-based browser you're using and the version number of the artifact is the same as Selenium's.
Mar 27, 2026 11:11:43 AM pickleib.web.driver.WebDriverFactory getDriver
INFO: &amp#27;[1;35mChrome&amp#27;[1;90m was selected&amp#27;[0m
Mar 27, 2026 11:11:43 AM pickleib.web.interactions.WebInteractions navigate
INFO: &amp#27;[1;90mNavigating to &amp#27;[1;34mhttp://127.0.0.1:7457/&amp#27;[0m&amp#27;[0m
Mar 27, 2026 11:11:43 AM pickleib.web.interactions.WebInteractions getUrl
INFO: &amp#27;[1;90mNavigating to &amp#27;[1;34mhttp://127.0.0.1:7457/buttons&amp#27;[0m&amp#27;[0m
Mar 27, 2026 11:11:43 AM pickleib.utilities.interfaces.repository.ElementRepository acquireElementFromPage
INFO: &amp#27;[1;90mAcquiring element &amp#27;[1;34mpageTitle&amp#27;[0m&amp#27;[1;90m from the &amp#27;[0m&amp#27;[1;34mButtonsPage&amp#27;[0m&amp#27;[0m
Mar 27, 2026 11:11:43 AM pickleib.web.interactions.WebInteractions waitUntilVisible
INFO: &amp#27;[1;90mWaiting visibility of &amp#27;[1;34mpageTitle&amp#27;[0m&amp#27;[1;90m on the &amp#27;[0m&amp#27;[1;34mButtonsPage&amp#27;[0m&amp#27;[0m
Mar 27, 2026 11:11:43 AM pickleib.web.interactions.WebInteractions waitUntilVisible
INFO: &amp#27;[1;90mElement is visible ? &amp#27;[1;34mtrue&amp#27;[0m&amp#27;[0m
Mar 27, 2026 11:11:43 AM pickleib.utilities.interfaces.repository.ElementRepository acquireElementFromPage
INFO: &amp#27;[1;90mAcquiring element &amp#27;[1;34mprimaryButton&amp#27;[0m&amp#27;[1;90m from the &amp#27;[0m&amp#27;[1;34mButtonsPage&amp#27;[0m&amp#27;[0m
Mar 27, 2026 11:11:43 AM pickleib.web.interactions.WebInteractions elementIs
INFO: &amp#27;[1;90mVerifying that the state of &amp#27;[1;34mprimaryButton&amp#27;[0m&amp#27;[1;90m is &amp#27;[0m&amp#27;[1;34mdisplayed&amp#27;[0m&amp#27;[1;90m on the &amp#27;[0m&amp#27;[1;34mButtonsPage&amp#27;[0m&amp#27;[0m
Mar 27, 2026 11:11:43 AM pickleib.web.interactions.WebInteractions clickElement
INFO: &amp#27;[1;90mClicking &amp#27;[1;34mprimaryButton&amp#27;[0m&amp#27;[1;90m on the &amp#27;[0m&amp#27;[1;34mButtonsPage&amp#27;[0m&amp#27;[0m
Mar 27, 2026 11:11:44 AM pickleib.utilities.interfaces.repository.ElementRepository acquireElementFromPage
INFO: &amp#27;[1;90mAcquiring element &amp#27;[1;34mresultText&amp#27;[0m&amp#27;[1;90m from the &amp#27;[0m&amp#27;[1;34mButtonsPage&amp#27;[0m&amp#27;[0m
Mar 27, 2026 11:11:44 AM pickleib.web.interactions.WebInteractions centerElement
INFO: &amp#27;[1;90mCentering &amp#27;[1;34mresultText&amp#27;[0m&amp#27;[1;90m on &amp#27;[0m&amp#27;[1;34mButtonsPage&amp#27;[0m&amp#27;[0m
Mar 27, 2026 11:11:44 AM pickleib.utilities.helpers.ElementStateHelper verifyElementContainsText
INFO: &amp#27;[1;90mVerifying that text of element &amp#27;[1;34mresultText&amp#27;[0m&amp#27;[1;90m contains &amp#27;[0m&amp#27;[1;34mPrimary&amp#27;[0m&amp#27;[1;90m on &amp#27;[0m&amp#27;[1;34mbuttonsPage&amp#27;[0m&amp#27;[0m
Mar 27, 2026 11:11:44 AM pickleib.utilities.helpers.ElementStateHelper verifyElementContainsText
INFO: &amp#27;[1;32mThe element text does contain "Primary" text!&amp#27;[0m
Mar 27, 2026 11:11:44 AM pickleib.web.driver.PickleibWebDriver terminate
INFO: &amp#27;[1;90mTerminating driver...&amp#27;[0m
Mar 27, 2026 11:11:44 AM steps.Hooks kill
INFO: &amp#27;[1;32mIf present click does not throw: PASS!&amp#27;[0m
]]></system-err>
  </testcase>
  <testcase name="Radio button click and selected state verification" classname="Vue Test App" time="1.863">
    <system-err><![CDATA[Mar 27, 2026 11:11:44 AM steps.Hooks before
INFO: &amp#27;[1;90mRunning: &amp#27;[1;35mRadio button click and selected state verification&amp#27;[0m&amp#27;[0m
Mar 27, 2026 11:11:44 AM steps.Hooks processScenarioTags
INFO: &amp#27;[1;35m[@VueTestApp, @Web-UI, @SCN-VUE-14]&amp#27;[0m
Mar 27, 2026 11:11:44 AM pickleib.web.driver.PickleibWebDriver initialize
INFO: &amp#27;[1;90mInitializing &amp#27;[1;35mChrome&amp#27;[1;90m driver...&amp#27;[0m
Mar 27, 2026 11:11:45 AM org.openqa.selenium.devtools.CdpVersionFinder findNearestMatch
WARNING: Unable to find CDP implementation matching 146
Mar 27, 2026 11:11:45 AM org.openqa.selenium.chromium.ChromiumDriver lambda$new$5
WARNING: Unable to find version of CDP to use for 146.0.7680.80. You may need to include a dependency on a specific version of the CDP using something similar to `org.seleniumhq.selenium:selenium-devtools-v86:4.19.0` where the version ("v86") matches the version of the chromium-based browser you're using and the version number of the artifact is the same as Selenium's.
Mar 27, 2026 11:11:45 AM pickleib.web.driver.WebDriverFactory getDriver
INFO: &amp#27;[1;35mChrome&amp#27;[1;90m was selected&amp#27;[0m
Mar 27, 2026 11:11:45 AM pickleib.web.interactions.WebInteractions navigate
INFO: &amp#27;[1;90mNavigating to &amp#27;[1;34mhttp://127.0.0.1:7457/&amp#27;[0m&amp#27;[0m
Mar 27, 2026 11:11:45 AM pickleib.web.interactions.WebInteractions getUrl
INFO: &amp#27;[1;90mNavigating to &amp#27;[1;34mhttp://127.0.0.1:7457/radiobuttons&amp#27;[0m&amp#27;[0m
Mar 27, 2026 11:11:45 AM pickleib.utilities.interfaces.repository.ElementRepository acquireElementFromPage
INFO: &amp#27;[1;90mAcquiring element &amp#27;[1;34myesRadio&amp#27;[0m&amp#27;[1;90m from the &amp#27;[0m&amp#27;[1;34mRadioButtonsPage&amp#27;[0m&amp#27;[0m
Mar 27, 2026 11:11:45 AM pickleib.web.interactions.WebInteractions clickElement
INFO: &amp#27;[1;90mClicking &amp#27;[1;34myesRadio&amp#27;[0m&amp#27;[1;90m on &amp#27;[0m&amp#27;[1;34mRadioButtonsPage&amp#27;[0m&amp#27;[0m
Mar 27, 2026 11:11:46 AM pickleib.utilities.interfaces.repository.ElementRepository acquireElementFromPage
INFO: &amp#27;[1;90mAcquiring element &amp#27;[1;34myesRadio&amp#27;[0m&amp#27;[1;90m from the &amp#27;[0m&amp#27;[1;34mRadioButtonsPage&amp#27;[0m&amp#27;[0m
Mar 27, 2026 11:11:46 AM pickleib.web.interactions.WebInteractions verifyElementState
INFO: &amp#27;[1;90mVerifying that the state of &amp#27;[1;34myesRadio&amp#27;[0m&amp#27;[1;90m is &amp#27;[0m&amp#27;[1;34mselected&amp#27;[0m&amp#27;[1;90m on the &amp#27;[0m&amp#27;[1;34mRadioButtonsPage&amp#27;[0m&amp#27;[0m
Mar 27, 2026 11:11:46 AM pickleib.utilities.helpers.ElementStateHelper verifyElementState
INFO: &amp#27;[1;32mElement state is verified to be: selected&amp#27;[0m
Mar 27, 2026 11:11:46 AM pickleib.web.driver.PickleibWebDriver terminate
INFO: &amp#27;[1;90mTerminating driver...&amp#27;[0m
Mar 27, 2026 11:11:46 AM steps.Hooks kill
INFO: &amp#27;[1;32mRadio button click and selected state verification: PASS!&amp#27;[0m
]]></system-err>
  </testcase>
  <testcase name="Disabled radio button state verification" classname="Vue Test App" time="1.572">
    <system-err><![CDATA[Mar 27, 2026 11:11:46 AM steps.Hooks before
INFO: &amp#27;[1;90mRunning: &amp#27;[1;35mDisabled radio button state verification&amp#27;[0m&amp#27;[0m
Mar 27, 2026 11:11:46 AM steps.Hooks processScenarioTags
INFO: &amp#27;[1;35m[@VueTestApp, @Web-UI, @SCN-VUE-15]&amp#27;[0m
Mar 27, 2026 11:11:46 AM pickleib.web.driver.PickleibWebDriver initialize
INFO: &amp#27;[1;90mInitializing &amp#27;[1;35mChrome&amp#27;[1;90m driver...&amp#27;[0m
Mar 27, 2026 11:11:47 AM org.openqa.selenium.devtools.CdpVersionFinder findNearestMatch
WARNING: Unable to find CDP implementation matching 146
Mar 27, 2026 11:11:47 AM org.openqa.selenium.chromium.ChromiumDriver lambda$new$5
WARNING: Unable to find version of CDP to use for 146.0.7680.80. You may need to include a dependency on a specific version of the CDP using something similar to `org.seleniumhq.selenium:selenium-devtools-v86:4.19.0` where the version ("v86") matches the version of the chromium-based browser you're using and the version number of the artifact is the same as Selenium's.
Mar 27, 2026 11:11:47 AM pickleib.web.driver.WebDriverFactory getDriver
INFO: &amp#27;[1;35mChrome&amp#27;[1;90m was selected&amp#27;[0m
Mar 27, 2026 11:11:47 AM pickleib.web.interactions.WebInteractions navigate
INFO: &amp#27;[1;90mNavigating to &amp#27;[1;34mhttp://127.0.0.1:7457/&amp#27;[0m&amp#27;[0m
Mar 27, 2026 11:11:47 AM pickleib.web.interactions.WebInteractions getUrl
INFO: &amp#27;[1;90mNavigating to &amp#27;[1;34mhttp://127.0.0.1:7457/radiobuttons&amp#27;[0m&amp#27;[0m
Mar 27, 2026 11:11:47 AM pickleib.utilities.interfaces.repository.ElementRepository acquireElementFromPage
INFO: &amp#27;[1;90mAcquiring element &amp#27;[1;34mnoRadio&amp#27;[0m&amp#27;[1;90m from the &amp#27;[0m&amp#27;[1;34mRadioButtonsPage&amp#27;[0m&amp#27;[0m
Mar 27, 2026 11:11:47 AM pickleib.web.interactions.WebInteractions verifyElementState
INFO: &amp#27;[1;90mVerifying that the state of &amp#27;[1;34mnoRadio&amp#27;[0m&amp#27;[1;90m is &amp#27;[0m&amp#27;[1;34mdisabled&amp#27;[0m&amp#27;[1;90m on the &amp#27;[0m&amp#27;[1;34mRadioButtonsPage&amp#27;[0m&amp#27;[0m
Mar 27, 2026 11:11:47 AM pickleib.utilities.helpers.ElementStateHelper verifyElementState
INFO: &amp#27;[1;32mElement state is verified to be: disabled&amp#27;[0m
Mar 27, 2026 11:11:47 AM pickleib.web.driver.PickleibWebDriver terminate
INFO: &amp#27;[1;90mTerminating driver...&amp#27;[0m
Mar 27, 2026 11:11:47 AM steps.Hooks kill
INFO: &amp#27;[1;32mDisabled radio button state verification: PASS!&amp#27;[0m
]]></system-err>
  </testcase>
  <testcase name="Click listed radio button by text" classname="Vue Test App" time="1.52">
    <system-err><![CDATA[Mar 27, 2026 11:11:47 AM steps.Hooks before
INFO: &amp#27;[1;90mRunning: &amp#27;[1;35mClick listed radio button by text&amp#27;[0m&amp#27;[0m
Mar 27, 2026 11:11:47 AM steps.Hooks processScenarioTags
INFO: &amp#27;[1;35m[@VueTestApp, @Web-UI, @SCN-VUE-16]&amp#27;[0m
Mar 27, 2026 11:11:47 AM pickleib.web.driver.PickleibWebDriver initialize
INFO: &amp#27;[1;90mInitializing &amp#27;[1;35mChrome&amp#27;[1;90m driver...&amp#27;[0m
Mar 27, 2026 11:11:48 AM org.openqa.selenium.devtools.CdpVersionFinder findNearestMatch
WARNING: Unable to find CDP implementation matching 146
Mar 27, 2026 11:11:48 AM org.openqa.selenium.chromium.ChromiumDriver lambda$new$5
WARNING: Unable to find version of CDP to use for 146.0.7680.80. You may need to include a dependency on a specific version of the CDP using something similar to `org.seleniumhq.selenium:selenium-devtools-v86:4.19.0` where the version ("v86") matches the version of the chromium-based browser you're using and the version number of the artifact is the same as Selenium's.
Mar 27, 2026 11:11:49 AM pickleib.web.driver.WebDriverFactory getDriver
INFO: &amp#27;[1;35mChrome&amp#27;[1;90m was selected&amp#27;[0m
Mar 27, 2026 11:11:49 AM pickleib.web.interactions.WebInteractions navigate
INFO: &amp#27;[1;90mNavigating to &amp#27;[1;34mhttp://127.0.0.1:7457/&amp#27;[0m&amp#27;[0m
Mar 27, 2026 11:11:49 AM pickleib.web.interactions.WebInteractions getUrl
INFO: &amp#27;[1;90mNavigating to &amp#27;[1;34mhttp://127.0.0.1:7457/radiobuttons&amp#27;[0m&amp#27;[0m
Mar 27, 2026 11:11:49 AM pickleib.utilities.interfaces.repository.ElementRepository acquireListedElementFromPage
INFO: &amp#27;[1;90mAcquiring listed element named &amp#27;[1;34mImpressive&amp#27;[0m&amp#27;[1;90m selected from &amp#27;[0m&amp#27;[1;34mradioLabels&amp#27;[0m&amp#27;[1;90m on  &amp#27;[0m&amp#27;[1;34mRadioButtonsPage&amp#27;[0m&amp#27;[0m
Mar 27, 2026 11:11:49 AM pickleib.web.interactions.WebInteractions clickElement
INFO: &amp#27;[1;90mClicking &amp#27;[1;34mImpressive&amp#27;[0m&amp#27;[1;90m on the &amp#27;[0m&amp#27;[1;34mRadioButtonsPage&amp#27;[0m&amp#27;[0m
Mar 27, 2026 11:11:49 AM pickleib.utilities.interfaces.repository.ElementRepository acquireElementFromPage
INFO: &amp#27;[1;90mAcquiring element &amp#27;[1;34mimpressiveRadio&amp#27;[0m&amp#27;[1;90m from the &amp#27;[0m&amp#27;[1;34mRadioButtonsPage&amp#27;[0m&amp#27;[0m
Mar 27, 2026 11:11:49 AM pickleib.web.interactions.WebInteractions verifyElementState
INFO: &amp#27;[1;90mVerifying that the state of &amp#27;[1;34mimpressiveRadio&amp#27;[0m&amp#27;[1;90m is &amp#27;[0m&amp#27;[1;34mselected&amp#27;[0m&amp#27;[1;90m on the &amp#27;[0m&amp#27;[1;34mRadioButtonsPage&amp#27;[0m&amp#27;[0m
Mar 27, 2026 11:11:49 AM pickleib.utilities.helpers.ElementStateHelper verifyElementState
INFO: &amp#27;[1;32mElement state is verified to be: selected&amp#27;[0m
Mar 27, 2026 11:11:49 AM pickleib.web.driver.PickleibWebDriver terminate
INFO: &amp#27;[1;90mTerminating driver...&amp#27;[0m
Mar 27, 2026 11:11:49 AM steps.Hooks kill
INFO: &amp#27;[1;32mClick listed radio button by text: PASS!&amp#27;[0m
]]></system-err>
  </testcase>
  <testcase name="Fill text input and verify value attribute" classname="Vue Test App" time="1.845">
    <system-err><![CDATA[Mar 27, 2026 11:11:49 AM steps.Hooks before
INFO: &amp#27;[1;90mRunning: &amp#27;[1;35mFill text input and verify value attribute&amp#27;[0m&amp#27;[0m
Mar 27, 2026 11:11:49 AM steps.Hooks processScenarioTags
INFO: &amp#27;[1;35m[@VueTestApp, @Web-UI, @SCN-VUE-17]&amp#27;[0m
Mar 27, 2026 11:11:49 AM pickleib.web.driver.PickleibWebDriver initialize
INFO: &amp#27;[1;90mInitializing &amp#27;[1;35mChrome&amp#27;[1;90m driver...&amp#27;[0m
Mar 27, 2026 11:11:50 AM org.openqa.selenium.devtools.CdpVersionFinder findNearestMatch
WARNING: Unable to find CDP implementation matching 146
Mar 27, 2026 11:11:50 AM org.openqa.selenium.chromium.ChromiumDriver lambda$new$5
WARNING: Unable to find version of CDP to use for 146.0.7680.80. You may need to include a dependency on a specific version of the CDP using something similar to `org.seleniumhq.selenium:selenium-devtools-v86:4.19.0` where the version ("v86") matches the version of the chromium-based browser you're using and the version number of the artifact is the same as Selenium's.
Mar 27, 2026 11:11:50 AM pickleib.web.driver.WebDriverFactory getDriver
INFO: &amp#27;[1;35mChrome&amp#27;[1;90m was selected&amp#27;[0m
Mar 27, 2026 11:11:50 AM pickleib.web.interactions.WebInteractions navigate
INFO: &amp#27;[1;90mNavigating to &amp#27;[1;34mhttp://127.0.0.1:7457/&amp#27;[0m&amp#27;[0m
Mar 27, 2026 11:11:50 AM pickleib.web.interactions.WebInteractions getUrl
INFO: &amp#27;[1;90mNavigating to &amp#27;[1;34mhttp://127.0.0.1:7457/text-inputs&amp#27;[0m&amp#27;[0m
Mar 27, 2026 11:11:50 AM pickleib.utilities.interfaces.repository.ElementRepository acquireElementFromPage
INFO: &amp#27;[1;90mAcquiring element &amp#27;[1;34mtextInput&amp#27;[0m&amp#27;[1;90m from the &amp#27;[0m&amp#27;[1;34mTextInputsPage&amp#27;[0m&amp#27;[0m
Mar 27, 2026 11:11:50 AM pickleib.web.interactions.WebInteractions waitUntilVisible
INFO: &amp#27;[1;90mWaiting visibility of &amp#27;[1;34mtextInput&amp#27;[0m&amp#27;[1;90m on the &amp#27;[0m&amp#27;[1;34mTextInputsPage&amp#27;[0m&amp#27;[0m
Mar 27, 2026 11:11:50 AM pickleib.web.interactions.WebInteractions waitUntilVisible
INFO: &amp#27;[1;90mElement is visible ? &amp#27;[1;34mtrue&amp#27;[0m&amp#27;[0m
Mar 27, 2026 11:11:50 AM pickleib.utilities.interfaces.repository.ElementRepository acquireElementFromPage
INFO: &amp#27;[1;90mAcquiring element &amp#27;[1;34mtextInput&amp#27;[0m&amp#27;[1;90m from the &amp#27;[0m&amp#27;[1;34mTextInputsPage&amp#27;[0m&amp#27;[0m
Mar 27, 2026 11:11:50 AM pickleib.web.interactions.WebInteractions fillInputElement
INFO: &amp#27;[1;90mFilling &amp#27;[1;34mtextInput&amp#27;[0m&amp#27;[1;90m on the &amp#27;[0m&amp#27;[1;34mTextInputsPage&amp#27;[0m&amp#27;[1;90m with the text: &amp#27;[0m&amp#27;[1;34mHello World&amp#27;[0m&amp#27;[0m
Mar 27, 2026 11:11:51 AM pickleib.utilities.interfaces.repository.ElementRepository acquireElementFromPage
INFO: &amp#27;[1;90mAcquiring element &amp#27;[1;34mtextInput&amp#27;[0m&amp#27;[1;90m from the &amp#27;[0m&amp#27;[1;34mTextInputsPage&amp#27;[0m&amp#27;[0m
Mar 27, 2026 11:11:51 AM pickleib.web.interactions.WebInteractions verifyElementAttributeContainsValue
INFO: &amp#27;[1;90mVerifying that &amp#27;[1;34mtextInput&amp#27;[0m&amp#27;[1;90m contains &amp#27;[0m&amp#27;[1;34mHello World&amp#27;[0m&amp#27;[1;90m in its &amp#27;[0m&amp#27;[1;34mvalue&amp#27;[0m&amp#27;[1;90m attribute.&amp#27;[0m&amp#27;[0m
Mar 27, 2026 11:11:51 AM pickleib.web.interactions.WebInteractions verifyElementAttributeContainsValue
INFO: &amp#27;[1;32mThe value attribute of element textInput is verified!&amp#27;[0m
Mar 27, 2026 11:11:51 AM pickleib.steps.BuiltInSteps verifyElementAttributeContainsValue
INFO: &amp#27;[1;90m-> &amp#27;[1;34mHello World&amp#27;[1;90m&amp#27;[0m
Mar 27, 2026 11:11:51 AM pickleib.web.driver.PickleibWebDriver terminate
INFO: &amp#27;[1;90mTerminating driver...&amp#27;[0m
Mar 27, 2026 11:11:51 AM steps.Hooks kill
INFO: &amp#27;[1;32mFill text input and verify value attribute: PASS!&amp#27;[0m
]]></system-err>
  </testcase>
  <testcase name="Verify disabled input state" classname="Vue Test App" time="1.501">
    <system-err><![CDATA[Mar 27, 2026 11:11:51 AM steps.Hooks before
INFO: &amp#27;[1;90mRunning: &amp#27;[1;35mVerify disabled input state&amp#27;[0m&amp#27;[0m
Mar 27, 2026 11:11:51 AM steps.Hooks processScenarioTags
INFO: &amp#27;[1;35m[@VueTestApp, @Web-UI, @SCN-VUE-18]&amp#27;[0m
Mar 27, 2026 11:11:51 AM pickleib.web.driver.PickleibWebDriver initialize
INFO: &amp#27;[1;90mInitializing &amp#27;[1;35mChrome&amp#27;[1;90m driver...&amp#27;[0m
Mar 27, 2026 11:11:52 AM org.openqa.selenium.devtools.CdpVersionFinder findNearestMatch
WARNING: Unable to find CDP implementation matching 146
Mar 27, 2026 11:11:52 AM org.openqa.selenium.chromium.ChromiumDriver lambda$new$5
WARNING: Unable to find version of CDP to use for 146.0.7680.80. You may need to include a dependency on a specific version of the CDP using something similar to `org.seleniumhq.selenium:selenium-devtools-v86:4.19.0` where the version ("v86") matches the version of the chromium-based browser you're using and the version number of the artifact is the same as Selenium's.
Mar 27, 2026 11:11:52 AM pickleib.web.driver.WebDriverFactory getDriver
INFO: &amp#27;[1;35mChrome&amp#27;[1;90m was selected&amp#27;[0m
Mar 27, 2026 11:11:52 AM pickleib.web.interactions.WebInteractions navigate
INFO: &amp#27;[1;90mNavigating to &amp#27;[1;34mhttp://127.0.0.1:7457/&amp#27;[0m&amp#27;[0m
Mar 27, 2026 11:11:52 AM pickleib.web.interactions.WebInteractions getUrl
INFO: &amp#27;[1;90mNavigating to &amp#27;[1;34mhttp://127.0.0.1:7457/text-inputs&amp#27;[0m&amp#27;[0m
Mar 27, 2026 11:11:52 AM pickleib.utilities.interfaces.repository.ElementRepository acquireElementFromPage
INFO: &amp#27;[1;90mAcquiring element &amp#27;[1;34mdisabledInput&amp#27;[0m&amp#27;[1;90m from the &amp#27;[0m&amp#27;[1;34mTextInputsPage&amp#27;[0m&amp#27;[0m
Mar 27, 2026 11:11:52 AM pickleib.web.interactions.WebInteractions waitUntilVisible
INFO: &amp#27;[1;90mWaiting visibility of &amp#27;[1;34mdisabledInput&amp#27;[0m&amp#27;[1;90m on the &amp#27;[0m&amp#27;[1;34mTextInputsPage&amp#27;[0m&amp#27;[0m
Mar 27, 2026 11:11:52 AM pickleib.web.interactions.WebInteractions waitUntilVisible
INFO: &amp#27;[1;90mElement is visible ? &amp#27;[1;34mtrue&amp#27;[0m&amp#27;[0m
Mar 27, 2026 11:11:52 AM pickleib.utilities.interfaces.repository.ElementRepository acquireElementFromPage
INFO: &amp#27;[1;90mAcquiring element &amp#27;[1;34mdisabledInput&amp#27;[0m&amp#27;[1;90m from the &amp#27;[0m&amp#27;[1;34mTextInputsPage&amp#27;[0m&amp#27;[0m
Mar 27, 2026 11:11:52 AM pickleib.web.interactions.WebInteractions verifyElementState
INFO: &amp#27;[1;90mVerifying that the state of &amp#27;[1;34mdisabledInput&amp#27;[0m&amp#27;[1;90m is &amp#27;[0m&amp#27;[1;34mdisabled&amp#27;[0m&amp#27;[1;90m on the &amp#27;[0m&amp#27;[1;34mTextInputsPage&amp#27;[0m&amp#27;[0m
Mar 27, 2026 11:11:52 AM pickleib.utilities.helpers.ElementStateHelper verifyElementState
INFO: &amp#27;[1;32mElement state is verified to be: disabled&amp#27;[0m
Mar 27, 2026 11:11:52 AM pickleib.web.driver.PickleibWebDriver terminate
INFO: &amp#27;[1;90mTerminating driver...&amp#27;[0m
Mar 27, 2026 11:11:52 AM steps.Hooks kill
INFO: &amp#27;[1;32mVerify disabled input state: PASS!&amp#27;[0m
]]></system-err>
  </testcase>
  <testcase name="Fill multiple text inputs via form DataTable" classname="Vue Test App" time="2.258">
    <system-err><![CDATA[Mar 27, 2026 11:11:52 AM steps.Hooks before
INFO: &amp#27;[1;90mRunning: &amp#27;[1;35mFill multiple text inputs via form DataTable&amp#27;[0m&amp#27;[0m
Mar 27, 2026 11:11:52 AM steps.Hooks processScenarioTags
INFO: &amp#27;[1;35m[@VueTestApp, @Web-UI, @SCN-VUE-19]&amp#27;[0m
Mar 27, 2026 11:11:52 AM pickleib.web.driver.PickleibWebDriver initialize
INFO: &amp#27;[1;90mInitializing &amp#27;[1;35mChrome&amp#27;[1;90m driver...&amp#27;[0m
Mar 27, 2026 11:11:53 AM org.openqa.selenium.devtools.CdpVersionFinder findNearestMatch
WARNING: Unable to find CDP implementation matching 146
Mar 27, 2026 11:11:53 AM org.openqa.selenium.chromium.ChromiumDriver lambda$new$5
WARNING: Unable to find version of CDP to use for 146.0.7680.80. You may need to include a dependency on a specific version of the CDP using something similar to `org.seleniumhq.selenium:selenium-devtools-v86:4.19.0` where the version ("v86") matches the version of the chromium-based browser you're using and the version number of the artifact is the same as Selenium's.
Mar 27, 2026 11:11:53 AM pickleib.web.driver.WebDriverFactory getDriver
INFO: &amp#27;[1;35mChrome&amp#27;[1;90m was selected&amp#27;[0m
Mar 27, 2026 11:11:53 AM pickleib.web.interactions.WebInteractions navigate
INFO: &amp#27;[1;90mNavigating to &amp#27;[1;34mhttp://127.0.0.1:7457/&amp#27;[0m&amp#27;[0m
Mar 27, 2026 11:11:53 AM pickleib.web.interactions.WebInteractions getUrl
INFO: &amp#27;[1;90mNavigating to &amp#27;[1;34mhttp://127.0.0.1:7457/text-inputs&amp#27;[0m&amp#27;[0m
Mar 27, 2026 11:11:54 AM pickleib.utilities.interfaces.repository.ElementRepository acquireElementFromPage
INFO: &amp#27;[1;90mAcquiring element &amp#27;[1;34mtextInput&amp#27;[0m&amp#27;[1;90m from the &amp#27;[0m&amp#27;[1;34mTextInputsPage&amp#27;[0m&amp#27;[0m
Mar 27, 2026 11:11:54 AM pickleib.web.interactions.WebInteractions waitUntilVisible
INFO: &amp#27;[1;90mWaiting visibility of &amp#27;[1;34mtextInput&amp#27;[0m&amp#27;[1;90m on the &amp#27;[0m&amp#27;[1;34mTextInputsPage&amp#27;[0m&amp#27;[0m
Mar 27, 2026 11:11:54 AM pickleib.web.interactions.WebInteractions waitUntilVisible
INFO: &amp#27;[1;90mElement is visible ? &amp#27;[1;34mtrue&amp#27;[0m&amp#27;[0m
Mar 27, 2026 11:11:54 AM pickleib.utilities.interfaces.repository.ElementRepository acquireElementList
INFO: &amp#27;[1;90mAcquiring element list from &amp#27;[1;34mTextInputsPage&amp#27;[0m&amp#27;[0m
Mar 27, 2026 11:11:54 AM pickleib.web.interactions.WebInteractions fillForm
INFO: &amp#27;[1;90mFilling form on &amp#27;[1;34mTextInputsPage&amp#27;[0m&amp#27;[0m
Mar 27, 2026 11:11:54 AM pickleib.utilities.helpers.InputHelper fillInputForm
INFO: &amp#27;[1;90mFilling &amp#27;[1;34mtextInput&amp#27;[0m&amp#27;[1;90m on the &amp#27;[0m&amp#27;[1;34mTextInputsPage&amp#27;[0m&amp#27;[1;90m with the text: &amp#27;[0m&amp#27;[1;34mSample Text&amp#27;[0m&amp#27;[0m
Mar 27, 2026 11:11:54 AM pickleib.utilities.helpers.InputHelper fillInputForm
INFO: &amp#27;[1;90mFilling &amp#27;[1;34memailInput&amp#27;[0m&amp#27;[1;90m on the &amp#27;[0m&amp#27;[1;34mTextInputsPage&amp#27;[0m&amp#27;[1;90m with the text: &amp#27;[0m&amp#27;[1;34mtest@example.com&amp#27;[0m&amp#27;[0m
Mar 27, 2026 11:11:54 AM pickleib.web.interactions.WebInteractions fillForm
INFO: &amp#27;[1;32mForm was filled on &amp#27;[1;34mTextInputsPage&amp#27;[0m&amp#27;[0m
Mar 27, 2026 11:11:54 AM pickleib.utilities.interfaces.repository.ElementRepository acquireElementFromPage
INFO: &amp#27;[1;90mAcquiring element &amp#27;[1;34mtextInput&amp#27;[0m&amp#27;[1;90m from the &amp#27;[0m&amp#27;[1;34mTextInputsPage&amp#27;[0m&amp#27;[0m
Mar 27, 2026 11:11:54 AM pickleib.web.interactions.WebInteractions verifyElementAttributeContainsValue
INFO: &amp#27;[1;90mVerifying that &amp#27;[1;34mtextInput&amp#27;[0m&amp#27;[1;90m contains &amp#27;[0m&amp#27;[1;34mSample Text&amp#27;[0m&amp#27;[1;90m in its &amp#27;[0m&amp#27;[1;34mvalue&amp#27;[0m&amp#27;[1;90m attribute.&amp#27;[0m&amp#27;[0m
Mar 27, 2026 11:11:54 AM pickleib.web.interactions.WebInteractions verifyElementAttributeContainsValue
INFO: &amp#27;[1;32mThe value attribute of element textInput is verified!&amp#27;[0m
Mar 27, 2026 11:11:54 AM pickleib.steps.BuiltInSteps verifyElementAttributeContainsValue
INFO: &amp#27;[1;90m-> &amp#27;[1;34mSample Text&amp#27;[1;90m&amp#27;[0m
Mar 27, 2026 11:11:54 AM pickleib.web.driver.PickleibWebDriver terminate
INFO: &amp#27;[1;90mTerminating driver...&amp#27;[0m
Mar 27, 2026 11:11:55 AM steps.Hooks kill
INFO: &amp#27;[1;32mFill multiple text inputs via form DataTable: PASS!&amp#27;[0m
]]></system-err>
  </testcase>
  <testcase name="Checkbox click and selected state" classname="Vue Test App" time="1.88">
    <system-err><![CDATA[Mar 27, 2026 11:11:55 AM steps.Hooks before
INFO: &amp#27;[1;90mRunning: &amp#27;[1;35mCheckbox click and selected state&amp#27;[0m&amp#27;[0m
Mar 27, 2026 11:11:55 AM steps.Hooks processScenarioTags
INFO: &amp#27;[1;35m[@VueTestApp, @Web-UI, @SCN-VUE-20]&amp#27;[0m
Mar 27, 2026 11:11:55 AM pickleib.web.driver.PickleibWebDriver initialize
INFO: &amp#27;[1;90mInitializing &amp#27;[1;35mChrome&amp#27;[1;90m driver...&amp#27;[0m
[...]
Mar 27, 2026 11:12:06 AM pickleib.utilities.helpers.ElementStateHelper verifyElementContainsText
INFO: &amp#27;[1;90mVerifying that text of element &amp#27;[1;34mstatusText&amp#27;[0m&amp#27;[1;90m contains &amp#27;[0m&amp#27;[1;34mReady&amp#27;[0m&amp#27;[1;90m on &amp#27;[0m&amp#27;[1;34mdroppablePage&amp#27;[0m&amp#27;[0m
Mar 27, 2026 11:12:06 AM pickleib.utilities.helpers.ElementStateHelper verifyElementContainsText
INFO: &amp#27;[1;32mThe element text does contain "Ready" text!&amp#27;[0m
Mar 27, 2026 11:12:06 AM pickleib.web.driver.PickleibWebDriver terminate
INFO: &amp#27;[1;90mTerminating driver...&amp#27;[0m
Mar 27, 2026 11:12:06 AM steps.Hooks kill
INFO: &amp#27;[1;32mDroppable page element presence: PASS!&amp#27;[0m
]]></system-err>
  </testcase>
  <testcase name="Click New Tab button and switch tab" classname="Vue Test App" time="2.51">
    <system-err><![CDATA[Mar 27, 2026 11:12:06 AM steps.Hooks before
INFO: &amp#27;[1;90mRunning: &amp#27;[1;35mClick New Tab button and switch tab&amp#27;[0m&amp#27;[0m
Mar 27, 2026 11:12:06 AM steps.Hooks processScenarioTags
INFO: &amp#27;[1;35m[@VueTestApp, @Web-UI, @SCN-VUE-25]&amp#27;[0m
Mar 27, 2026 11:12:06 AM pickleib.web.driver.PickleibWebDriver initialize
INFO: &amp#27;[1;90mInitializing &amp#27;[1;35mChrome&amp#27;[1;90m driver...&amp#27;[0m
Mar 27, 2026 11:12:07 AM org.openqa.selenium.devtools.CdpVersionFinder findNearestMatch
WARNING: Unable to find CDP implementation matching 146
Mar 27, 2026 11:12:07 AM org.openqa.selenium.chromium.ChromiumDriver lambda$new$5
WARNING: Unable to find version of CDP to use for 146.0.7680.80. You may need to include a dependency on a specific version of the CDP using something similar to `org.seleniumhq.selenium:selenium-devtools-v86:4.19.0` where the version ("v86") matches the version of the chromium-based browser you're using and the version number of the artifact is the same as Selenium's.
Mar 27, 2026 11:12:07 AM pickleib.web.driver.WebDriverFactory getDriver
INFO: &amp#27;[1;35mChrome&amp#27;[1;90m was selected&amp#27;[0m
Mar 27, 2026 11:12:07 AM pickleib.web.interactions.WebInteractions navigate
INFO: &amp#27;[1;90mNavigating to &amp#27;[1;34mhttp://127.0.0.1:7457/&amp#27;[0m&amp#27;[0m
Mar 27, 2026 11:12:07 AM pickleib.web.interactions.WebInteractions getUrl
INFO: &amp#27;[1;90mNavigating to &amp#27;[1;34mhttp://127.0.0.1:7457/alerts&amp#27;[0m&amp#27;[0m
Mar 27, 2026 11:12:07 AM pickleib.utilities.interfaces.repository.ElementRepository acquireElementFromPage
INFO: &amp#27;[1;90mAcquiring element &amp#27;[1;34mclickMeButton&amp#27;[0m&amp#27;[1;90m from the &amp#27;[0m&amp#27;[1;34mAlertsPage&amp#27;[0m&amp#27;[0m
Mar 27, 2026 11:12:07 AM pickleib.web.interactions.WebInteractions waitUntilVisible
INFO: &amp#27;[1;90mWaiting visibility of &amp#27;[1;34mclickMeButton&amp#27;[0m&amp#27;[1;90m on the &amp#27;[0m&amp#27;[1;34mAlertsPage&amp#27;[0m&amp#27;[0m
Mar 27, 2026 11:12:07 AM pickleib.web.interactions.WebInteractions waitUntilVisible
INFO: &amp#27;[1;90mElement is visible ? &amp#27;[1;34mtrue&amp#27;[0m&amp#27;[0m
Mar 27, 2026 11:12:07 AM pickleib.web.interactions.WebInteractions clickByText
INFO: &amp#27;[1;90mClicking button by text &amp#27;[1;34mNew Tab&amp#27;[0m&amp#27;[0m
Mar 27, 2026 11:12:08 AM pickleib.web.interactions.WebInteractions switchWindowByHandle
INFO: &amp#27;[1;90mSwitching to the next tab&amp#27;[0m
Mar 27, 2026 11:12:08 AM pickleib.steps.BuiltInSteps verifyTextUrl
INFO: &amp#27;[1;32mThe url contains '127.0.0.1'&amp#27;[0m
Mar 27, 2026 11:12:08 AM pickleib.web.driver.PickleibWebDriver terminate
INFO: &amp#27;[1;90mTerminating driver...&amp#27;[0m
Mar 27, 2026 11:12:08 AM steps.Hooks kill
INFO: &amp#27;[1;32mClick New Tab button and switch tab: PASS!&amp#27;[0m
]]></system-err>
  </testcase>
  <testcase name="Scroll down on tall page using JS" classname="Vue Test App" time="1.399">
    <system-err><![CDATA[Mar 27, 2026 11:12:08 AM steps.Hooks before
INFO: &amp#27;[1;90mRunning: &amp#27;[1;35mScroll down on tall page using JS&amp#27;[0m&amp#27;[0m
Mar 27, 2026 11:12:08 AM steps.Hooks processScenarioTags
INFO: &amp#27;[1;35m[@VueTestApp, @Web-UI, @SCN-VUE-26]&amp#27;[0m
Mar 27, 2026 11:12:08 AM pickleib.web.driver.PickleibWebDriver initialize
INFO: &amp#27;[1;90mInitializing &amp#27;[1;35mChrome&amp#27;[1;90m driver...&amp#27;[0m
Mar 27, 2026 11:12:09 AM org.openqa.selenium.devtools.CdpVersionFinder findNearestMatch
WARNING: Unable to find CDP implementation matching 146
Mar 27, 2026 11:12:09 AM org.openqa.selenium.chromium.ChromiumDriver lambda$new$5
WARNING: Unable to find version of CDP to use for 146.0.7680.80. You may need to include a dependency on a specific version of the CDP using something similar to `org.seleniumhq.selenium:selenium-devtools-v86:4.19.0` where the version ("v86") matches the version of the chromium-based browser you're using and the version number of the artifact is the same as Selenium's.
Mar 27, 2026 11:12:09 AM pickleib.web.driver.WebDriverFactory getDriver
INFO: &amp#27;[1;35mChrome&amp#27;[1;90m was selected&amp#27;[0m
Mar 27, 2026 11:12:09 AM pickleib.web.interactions.WebInteractions navigate
INFO: &amp#27;[1;90mNavigating to &amp#27;[1;34mhttp://127.0.0.1:7457/&amp#27;[0m&amp#27;[0m
Mar 27, 2026 11:12:09 AM pickleib.web.interactions.WebInteractions getUrl
INFO: &amp#27;[1;90mNavigating to &amp#27;[1;34mhttp://127.0.0.1:7457/tall&amp#27;[0m&amp#27;[0m
Mar 27, 2026 11:12:10 AM pickleib.utilities.interfaces.repository.ElementRepository acquireElementFromPage
INFO: &amp#27;[1;90mAcquiring element &amp#27;[1;34mpageTitle&amp#27;[0m&amp#27;[1;90m from the &amp#27;[0m&amp#27;[1;34mTallPage&amp#27;[0m&amp#27;[0m
Mar 27, 2026 11:12:10 AM pickleib.web.interactions.WebInteractions waitUntilVisible
INFO: &amp#27;[1;90mWaiting visibility of &amp#27;[1;34mpageTitle&amp#27;[0m&amp#27;[1;90m on the &amp#27;[0m&amp#27;[1;34mTallPage&amp#27;[0m&amp#27;[0m
Mar 27, 2026 11:12:10 AM pickleib.web.interactions.WebInteractions waitUntilVisible
INFO: &amp#27;[1;90mElement is visible ? &amp#27;[1;34mtrue&amp#27;[0m&amp#27;[0m
Mar 27, 2026 11:12:10 AM pickleib.web.interactions.WebInteractions executeScript
INFO: &amp#27;[1;90mExecuting script: &amp#27;[1;34mwindow.scrollBy(0, 500)&amp#27;[0m&amp#27;[0m
Mar 27, 2026 11:12:10 AM pickleib.web.driver.PickleibWebDriver terminate
INFO: &amp#27;[1;90mTerminating driver...&amp#27;[0m
Mar 27, 2026 11:12:10 AM steps.Hooks kill
INFO: &amp#27;[1;32mScroll down on tall page using JS: PASS!&amp#27;[0m
]]></system-err>
  </testcase>
  <testcase name="Click button by visible text" classname="Vue Test App" time="1.925">
    <system-err><![CDATA[Mar 27, 2026 11:12:10 AM steps.Hooks before
INFO: &amp#27;[1;90mRunning: &amp#27;[1;35mClick button by visible text&amp#27;[0m&amp#27;[0m
Mar 27, 2026 11:12:10 AM steps.Hooks processScenarioTags
INFO: &amp#27;[1;35m[@VueTestApp, @Web-UI, @SCN-VUE-27]&amp#27;[0m
Mar 27, 2026 11:12:10 AM pickleib.web.driver.PickleibWebDriver initialize
INFO: &amp#27;[1;90mInitializing &amp#27;[1;35mChrome&amp#27;[1;90m driver...&amp#27;[0m
Mar 27, 2026 11:12:11 AM org.openqa.selenium.devtools.CdpVersionFinder findNearestMatch
WARNING: Unable to find CDP implementation matching 146
Mar 27, 2026 11:12:11 AM org.openqa.selenium.chromium.ChromiumDriver lambda$new$5
WARNING: Unable to find version of CDP to use for 146.0.7680.80. You may need to include a dependency on a specific version of the CDP using something similar to `org.seleniumhq.selenium:selenium-devtools-v86:4.19.0` where the version ("v86") matches the version of the chromium-based browser you're using and the version number of the artifact is the same as Selenium's.
Mar 27, 2026 11:12:11 AM pickleib.web.driver.WebDriverFactory getDriver
INFO: &amp#27;[1;35mChrome&amp#27;[1;90m was selected&amp#27;[0m
Mar 27, 2026 11:12:11 AM pickleib.web.interactions.WebInteractions navigate
INFO: &amp#27;[1;90mNavigating to &amp#27;[1;34mhttp://127.0.0.1:7457/&amp#27;[0m&amp#27;[0m
Mar 27, 2026 11:12:11 AM pickleib.web.interactions.WebInteractions getUrl
INFO: &amp#27;[1;90mNavigating to &amp#27;[1;34mhttp://127.0.0.1:7457/buttons&amp#27;[0m&amp#27;[0m
Mar 27, 2026 11:12:11 AM pickleib.utilities.interfaces.repository.ElementRepository acquireElementFromPage
INFO: &amp#27;[1;90mAcquiring element &amp#27;[1;34mresultText&amp#27;[0m&amp#27;[1;90m from the &amp#27;[0m&amp#27;[1;34mButtonsPage&amp#27;[0m&amp#27;[0m
Mar 27, 2026 11:12:11 AM pickleib.web.interactions.WebInteractions waitUntilVisible
INFO: &amp#27;[1;90mWaiting visibility of &amp#27;[1;34mresultText&amp#27;[0m&amp#27;[1;90m on the &amp#27;[0m&amp#27;[1;34mButtonsPage&amp#27;[0m&amp#27;[0m
Mar 27, 2026 11:12:11 AM pickleib.web.interactions.WebInteractions waitUntilVisible
INFO: &amp#27;[1;90mElement is visible ? &amp#27;[1;34mtrue&amp#27;[0m&amp#27;[0m
Mar 27, 2026 11:12:11 AM pickleib.web.interactions.WebInteractions clickByText
INFO: &amp#27;[1;90mClicking button by text &amp#27;[1;34mPrimary&amp#27;[0m&amp#27;[0m
Mar 27, 2026 11:12:11 AM pickleib.utilities.interfaces.repository.ElementRepository acquireElementFromPage
INFO: &amp#27;[1;90mAcquiring element &amp#27;[1;34mresultText&amp#27;[0m&amp#27;[1;90m from the &amp#27;[0m&amp#27;[1;34mButtonsPage&amp#27;[0m&amp#27;[0m
Mar 27, 2026 11:12:11 AM pickleib.web.interactions.WebInteractions centerElement
INFO: &amp#27;[1;90mCentering &amp#27;[1;34mresultText&amp#27;[0m&amp#27;[1;90m on &amp#27;[0m&amp#27;[1;34mButtonsPage&amp#27;[0m&amp#27;[0m
Mar 27, 2026 11:12:11 AM pickleib.utilities.helpers.ElementStateHelper verifyElementContainsText
INFO: &amp#27;[1;90mVerifying that text of element &amp#27;[1;34mresultText&amp#27;[0m&amp#27;[1;90m contains &amp#27;[0m&amp#27;[1;34mPrimary&amp#27;[0m&amp#27;[1;90m on &amp#27;[0m&amp#27;[1;34mbuttonsPage&amp#27;[0m&amp#27;[0m
Mar 27, 2026 11:12:11 AM pickleib.utilities.helpers.ElementStateHelper verifyElementContainsText
INFO: &amp#27;[1;32mThe element text does contain "Primary" text!&amp#27;[0m
Mar 27, 2026 11:12:11 AM pickleib.web.driver.PickleibWebDriver terminate
INFO: &amp#27;[1;90mTerminating driver...&amp#27;[0m
Mar 27, 2026 11:12:12 AM steps.Hooks kill
INFO: &amp#27;[1;32mClick button by visible text: PASS!&amp#27;[0m
]]></system-err>
  </testcase>
  <testcase name="Acquire attribute value of an element" classname="Vue Test App" time="1.409">
    <system-err><![CDATA[Mar 27, 2026 11:12:12 AM steps.Hooks before
INFO: &amp#27;[1;90mRunning: &amp#27;[1;35mAcquire attribute value of an element&amp#27;[0m&amp#27;[0m
Mar 27, 2026 11:12:12 AM steps.Hooks processScenarioTags
INFO: &amp#27;[1;35m[@VueTestApp, @Web-UI, @SCN-VUE-28]&amp#27;[0m
Mar 27, 2026 11:12:12 AM pickleib.web.driver.PickleibWebDriver initialize
INFO: &amp#27;[1;90mInitializing &amp#27;[1;35mChrome&amp#27;[1;90m driver...&amp#27;[0m
Mar 27, 2026 11:12:13 AM org.openqa.selenium.devtools.CdpVersionFinder findNearestMatch
WARNING: Unable to find CDP implementation matching 146
Mar 27, 2026 11:12:13 AM org.openqa.selenium.chromium.ChromiumDriver lambda$new$5
WARNING: Unable to find version of CDP to use for 146.0.7680.80. You may need to include a dependency on a specific version of the CDP using something similar to `org.seleniumhq.selenium:selenium-devtools-v86:4.19.0` where the version ("v86") matches the version of the chromium-based browser you're using and the version number of the artifact is the same as Selenium's.
Mar 27, 2026 11:12:13 AM pickleib.web.driver.WebDriverFactory getDriver
INFO: &amp#27;[1;35mChrome&amp#27;[1;90m was selected&amp#27;[0m
Mar 27, 2026 11:12:13 AM pickleib.web.interactions.WebInteractions navigate
INFO: &amp#27;[1;90mNavigating to &amp#27;[1;34mhttp://127.0.0.1:7457/&amp#27;[0m&amp#27;[0m
Mar 27, 2026 11:12:13 AM pickleib.web.interactions.WebInteractions getUrl
INFO: &amp#27;[1;90mNavigating to &amp#27;[1;34mhttp://127.0.0.1:7457/text-inputs&amp#27;[0m&amp#27;[0m
Mar 27, 2026 11:12:13 AM pickleib.utilities.interfaces.repository.ElementRepository acquireElementFromPage
INFO: &amp#27;[1;90mAcquiring element &amp#27;[1;34mdisabledInput&amp#27;[0m&amp#27;[1;90m from the &amp#27;[0m&amp#27;[1;34mTextInputsPage&amp#27;[0m&amp#27;[0m
Mar 27, 2026 11:12:13 AM pickleib.web.interactions.WebInteractions waitUntilVisible
INFO: &amp#27;[1;90mWaiting visibility of &amp#27;[1;34mdisabledInput&amp#27;[0m&amp#27;[1;90m on the &amp#27;[0m&amp#27;[1;34mTextInputsPage&amp#27;[0m&amp#27;[0m
Mar 27, 2026 11:12:13 AM pickleib.web.interactions.WebInteractions waitUntilVisible
INFO: &amp#27;[1;90mElement is visible ? &amp#27;[1;34mtrue&amp#27;[0m&amp#27;[0m
Mar 27, 2026 11:12:13 AM pickleib.utilities.interfaces.repository.ElementRepository acquireElementFromPage
INFO: &amp#27;[1;90mAcquiring element &amp#27;[1;34mdisabledInput&amp#27;[0m&amp#27;[1;90m from the &amp#27;[0m&amp#27;[1;34mTextInputsPage&amp#27;[0m&amp#27;[0m
Mar 27, 2026 11:12:13 AM pickleib.web.interactions.WebInteractions saveAttributeValue
INFO: &amp#27;[1;90mSaving attribute &amp#27;[1;34mvalue&amp#27;[0m&amp#27;[1;90m of &amp#27;[0m&amp#27;[1;34mdisabledInput&amp#27;[0m&amp#27;[1;90m on &amp#27;[0m&amp#27;[1;34mTextInputsPage&amp#27;[0m&amp#27;[1;90m to context&amp#27;[0m&amp#27;[0m
Mar 27, 2026 11:12:13 AM pickleib.web.interactions.WebInteractions updateContextByElementAttribute
INFO: &amp#27;[1;90mAcquiring &amp#27;[1;34mvalue&amp#27;[0m&amp#27;[1;90m attribute of &amp#27;[0m&amp#27;[1;34mdisabledInput&amp#27;[0m&amp#27;[1;90m on the &amp#27;[0m&amp#27;[1;34mTextInputsPage&amp#27;[0m&amp#27;[0m
Mar 27, 2026 11:12:13 AM pickleib.web.interactions.WebInteractions updateContextByElementAttribute
INFO: &amp#27;[1;90mAttribute -> &amp#27;[1;34mvalue&amp#27;[0m&amp#27;[1;90m : &amp#27;[0m&amp#27;[1;34mRead-only value&amp#27;[0m&amp#27;[0m
Mar 27, 2026 11:12:13 AM pickleib.web.interactions.WebInteractions updateContextByElementAttribute
INFO: &amp#27;[1;90mElement attribute saved to the ContextStore as -> '&amp#27;[1;34mdisabledInput-value&amp#27;[0m&amp#27;[1;90m' : '&amp#27;[0m&amp#27;[1;34mRead-only value&amp#27;[0m&amp#27;[1;90m'&amp#27;[0m&amp#27;[0m
Mar 27, 2026 11:12:13 AM pickleib.web.interactions.WebInteractions saveAttributeValue
INFO: &amp#27;[1;32mAttribute value of disabledInput from TextInputsPage was saved to context!&amp#27;[0m
Mar 27, 2026 11:12:13 AM pickleib.web.driver.PickleibWebDriver terminate
INFO: &amp#27;[1;90mTerminating driver...&amp#27;[0m
Mar 27, 2026 11:12:13 AM steps.Hooks kill
INFO: &amp#27;[1;32mAcquire attribute value of an element: PASS!&amp#27;[0m
]]></system-err>
  </testcase>
  <testcase name="Execute JavaScript command" classname="Vue Test App" time="1.547">
    <system-err><![CDATA[Mar 27, 2026 11:12:13 AM steps.Hooks before
INFO: &amp#27;[1;90mRunning: &amp#27;[1;35mExecute JavaScript command&amp#27;[0m&amp#27;[0m
Mar 27, 2026 11:12:13 AM steps.Hooks processScenarioTags
INFO: &amp#27;[1;35m[@VueTestApp, @Web-UI, @SCN-VUE-29]&amp#27;[0m
Mar 27, 2026 11:12:13 AM pickleib.web.driver.PickleibWebDriver initialize
INFO: &amp#27;[1;90mInitializing &amp#27;[1;35mChrome&amp#27;[1;90m driver...&amp#27;[0m
Mar 27, 2026 11:12:14 AM org.openqa.selenium.devtools.CdpVersionFinder findNearestMatch
WARNING: Unable to find CDP implementation matching 146
Mar 27, 2026 11:12:14 AM org.openqa.selenium.chromium.ChromiumDriver lambda$new$5
WARNING: Unable to find version of CDP to use for 146.0.7680.80. You may need to include a dependency on a specific version of the CDP using something similar to `org.seleniumhq.selenium:selenium-devtools-v86:4.19.0` where the version ("v86") matches the version of the chromium-based browser you're using and the version number of the artifact is the same as Selenium's.
Mar 27, 2026 11:12:14 AM pickleib.web.driver.WebDriverFactory getDriver
INFO: &amp#27;[1;35mChrome&amp#27;[1;90m was selected&amp#27;[0m
Mar 27, 2026 11:12:14 AM pickleib.web.interactions.WebInteractions navigate
INFO: &amp#27;[1;90mNavigating to &amp#27;[1;34mhttp://127.0.0.1:7457/&amp#27;[0m&amp#27;[0m
Mar 27, 2026 11:12:14 AM pickleib.web.interactions.WebInteractions getUrl
INFO: &amp#27;[1;90mNavigating to &amp#27;[1;34mhttp://127.0.0.1:7457/buttons&amp#27;[0m&amp#27;[0m
Mar 27, 2026 11:12:14 AM pickleib.utilities.interfaces.repository.ElementRepository acquireElementFromPage
INFO: &amp#27;[1;90mAcquiring element &amp#27;[1;34mpageTitle&amp#27;[0m&amp#27;[1;90m from the &amp#27;[0m&amp#27;[1;34mButtonsPage&amp#27;[0m&amp#27;[0m
Mar 27, 2026 11:12:14 AM pickleib.web.interactions.WebInteractions waitUntilVisible
INFO: &amp#27;[1;90mWaiting visibility of &amp#27;[1;34mpageTitle&amp#27;[0m&amp#27;[1;90m on the &amp#27;[0m&amp#27;[1;34mButtonsPage&amp#27;[0m&amp#27;[0m
Mar 27, 2026 11:12:14 AM pickleib.web.interactions.WebInteractions waitUntilVisible
INFO: &amp#27;[1;90mElement is visible ? &amp#27;[1;34mtrue&amp#27;[0m&amp#27;[0m
Mar 27, 2026 11:12:14 AM pickleib.web.interactions.WebInteractions executeScript
INFO: &amp#27;[1;90mExecuting script: &amp#27;[1;34mdocument.title = 'JS Test'&amp#27;[0m&amp#27;[0m
Mar 27, 2026 11:12:14 AM pickleib.web.driver.PickleibWebDriver terminate
INFO: &amp#27;[1;90mTerminating driver...&amp#27;[0m
Mar 27, 2026 11:12:15 AM steps.Hooks kill
INFO: &amp#27;[1;32mExecute JavaScript command: PASS!&amp#27;[0m
]]></system-err>
  </testcase>
  <testcase name="Perform text replacement on context value" classname="Vue Test App" time="1.457">
    <system-err><![CDATA[Mar 27, 2026 11:12:15 AM steps.Hooks before
INFO: &amp#27;[1;90mRunning: &amp#27;[1;35mPerform text replacement on context value&amp#27;[0m&amp#27;[0m
Mar 27, 2026 11:12:15 AM steps.Hooks processScenarioTags
INFO: &amp#27;[1;35m[@VueTestApp, @Web-UI, @SCN-VUE-30]&amp#27;[0m
Mar 27, 2026 11:12:15 AM pickleib.web.driver.PickleibWebDriver initialize
INFO: &amp#27;[1;90mInitializing &amp#27;[1;35mChrome&amp#27;[1;90m driver...&amp#27;[0m
Mar 27, 2026 11:12:16 AM org.openqa.selenium.devtools.CdpVersionFinder findNearestMatch
WARNING: Unable to find CDP implementation matching 146
Mar 27, 2026 11:12:16 AM org.openqa.selenium.chromium.ChromiumDriver lambda$new$5
WARNING: Unable to find version of CDP to use for 146.0.7680.80. You may need to include a dependency on a specific version of the CDP using something similar to `org.seleniumhq.selenium:selenium-devtools-v86:4.19.0` where the version ("v86") matches the version of the chromium-based browser you're using and the version number of the artifact is the same as Selenium's.
Mar 27, 2026 11:12:16 AM pickleib.web.driver.WebDriverFactory getDriver
INFO: &amp#27;[1;35mChrome&amp#27;[1;90m was selected&amp#27;[0m
Mar 27, 2026 11:12:16 AM pickleib.web.interactions.WebInteractions navigate
INFO: &amp#27;[1;90mNavigating to &amp#27;[1;34mhttp://127.0.0.1:7457/&amp#27;[0m&amp#27;[0m
Mar 27, 2026 11:12:16 AM pickleib.steps.BuiltInSteps updateContext
INFO: &amp#27;[1;90mUpdating context &amp#27;[1;34mrawUrl&amp#27;[1;90m to &amp#27;[1;34mhttps://example.com/path&amp#27;[1;90m&amp#27;[0m
Mar 27, 2026 11:12:16 AM pickleib.steps.BuiltInSteps replaceAttributeValue
INFO: &amp#27;[1;90mAcquiring &amp#27;[1;34mhttps://example.com/path&amp#27;[0m&amp#27;[0m
Mar 27, 2026 11:12:16 AM pickleib.steps.BuiltInSteps replaceAttributeValue
INFO: &amp#27;[1;90mRemoving -> &amp#27;[1;34mhttps://&amp#27;[0m&amp#27;[0m
Mar 27, 2026 11:12:16 AM pickleib.steps.BuiltInSteps replaceAttributeValue
INFO: &amp#27;[1;90mUpdated value -> &amp#27;[1;32mexample.com/path&amp#27;[0m&amp#27;[0m
Mar 27, 2026 11:12:16 AM pickleib.steps.BuiltInSteps verifyText
INFO: &amp#27;[1;90mChecking values...&amp#27;[0m
Mar 27, 2026 11:12:16 AM pickleib.steps.BuiltInSteps verifyText
INFO: &amp#27;[1;32mValues verified as: example.com/path&amp#27;[0m
Mar 27, 2026 11:12:16 AM pickleib.web.driver.PickleibWebDriver terminate
INFO: &amp#27;[1;90mTerminating driver...&amp#27;[0m
Mar 27, 2026 11:12:16 AM steps.Hooks kill
INFO: &amp#27;[1;32mPerform text replacement on context value: PASS!&amp#27;[0m
]]></system-err>
  </testcase>
</testsuite>