<?xml version="1.0" encoding="UTF-8"?>
<testsuite xmlns:xsi="http://www.w3.org/2001/XMLSchema-instance" xsi:noNamespaceSchemaLocation="https://maven.apache.org/surefire/maven-surefire-plugin/xsd/surefire-test-report-3.0.xsd" version="3.0" name="TestRunner" time="18.425" tests="7" errors="0" skipped="0" failures="0">
  <properties>
[...]
</properties>
  <testcase name="Navigate to forms via homepage category card" classname="Vue Test App" time="2.774">
    <system-err><![CDATA[Mar 27, 2026 12:13:13 AM steps.Hooks before
INFO: &amp#27;[1;90mRunning: &amp#27;[1;35mNavigate to forms via homepage category card&amp#27;[0m&amp#27;[0m
Mar 27, 2026 12:13:13 AM steps.Hooks processScenarioTags
INFO: &amp#27;[1;35m[@VueTestApp, @Web-UI, @SCN-VUE-1]&amp#27;[0m
Mar 27, 2026 12:13:13 AM pickleib.web.driver.PickleibWebDriver initialize
INFO: &amp#27;[1;90mInitializing &amp#27;[1;35mChrome&amp#27;[1;90m driver...&amp#27;[0m
Mar 27, 2026 12:13:14 AM org.openqa.selenium.devtools.CdpVersionFinder findNearestMatch
WARNING: Unable to find CDP implementation matching 146
Mar 27, 2026 12:13:14 AM org.openqa.selenium.chromium.ChromiumDriver lambda$new$5
WARNING: Unable to find version of CDP to use for 146.0.7680.80. You may need to include a dependency on a specific version of the CDP using something similar to `org.seleniumhq.selenium:selenium-devtools-v86:4.19.0` where the version ("v86") matches the version of the chromium-based browser you're using and the version number of the artifact is the same as Selenium's.
Mar 27, 2026 12:13:14 AM pickleib.web.driver.WebDriverFactory getDriver
INFO: &amp#27;[1;35mChrome&amp#27;[1;90m was selected&amp#27;[0m
Mar 27, 2026 12:13:14 AM pickleib.web.interactions.WebInteractions getUrl
INFO: &amp#27;[1;90mNavigating to &amp#27;[1;34mhttp://127.0.0.1:7457/&amp#27;[0m&amp#27;[0m
Mar 27, 2026 12:13:15 AM pickleib.utilities.interfaces.repository.ElementRepository acquireElementFromPage
INFO: &amp#27;[1;90mAcquiring element &amp#27;[1;34mpageTitle&amp#27;[0m&amp#27;[1;90m from the &amp#27;[0m&amp#27;[1;34mHomePage&amp#27;[0m&amp#27;[0m
Mar 27, 2026 12:13:15 AM pickleib.web.interactions.WebInteractions waitUntilVisible
INFO: &amp#27;[1;90mWaiting visibility of &amp#27;[1;34mpageTitle&amp#27;[0m&amp#27;[1;90m on the &amp#27;[0m&amp#27;[1;34mHomePage&amp#27;[0m&amp#27;[0m
Mar 27, 2026 12:13:15 AM pickleib.web.interactions.WebInteractions waitUntilVisible
INFO: &amp#27;[1;90mElement is visible ? &amp#27;[1;34mtrue&amp#27;[0m&amp#27;[0m
Mar 27, 2026 12:13:15 AM pickleib.utilities.interfaces.repository.ElementRepository acquireElementFromPage
INFO: &amp#27;[1;90mAcquiring element &amp#27;[1;34mpageTitle&amp#27;[0m&amp#27;[1;90m from the &amp#27;[0m&amp#27;[1;34mHomePage&amp#27;[0m&amp#27;[0m
Mar 27, 2026 12:13:15 AM pickleib.web.interactions.WebInteractions centerElement
INFO: &amp#27;[1;90mCentering &amp#27;[1;34mpageTitle&amp#27;[0m&amp#27;[1;90m on &amp#27;[0m&amp#27;[1;34mHomePage&amp#27;[0m&amp#27;[0m
Mar 27, 2026 12:13:15 AM pickleib.utilities.helpers.ElementStateHelper verifyElementContainsText
INFO: &amp#27;[1;90mVerifying that text of element &amp#27;[1;34mpageTitle&amp#27;[0m&amp#27;[1;90m contains &amp#27;[0m&amp#27;[1;34mUI Components Test Suite&amp#27;[0m&amp#27;[1;90m on &amp#27;[0m&amp#27;[1;34mhomePage&amp#27;[0m&amp#27;[0m
Mar 27, 2026 12:13:15 AM pickleib.utilities.helpers.ElementStateHelper verifyElementContainsText
INFO: &amp#27;[1;32mThe element text does contain "UI Components Test Suite" text!&amp#27;[0m
Mar 27, 2026 12:13:15 AM pickleib.utilities.interfaces.repository.ElementRepository acquireListedElementFromPage
INFO: &amp#27;[1;90mAcquiring listed element named &amp#27;[1;34mForms&amp#27;[0m&amp#27;[1;90m selected from &amp#27;[0m&amp#27;[1;34mcategoryCards&amp#27;[0m&amp#27;[1;90m on  &amp#27;[0m&amp#27;[1;34mHomePage&amp#27;[0m&amp#27;[0m
Mar 27, 2026 12:13:15 AM pickleib.web.interactions.WebInteractions clickElement
INFO: &amp#27;[1;90mClicking &amp#27;[1;34mForms&amp#27;[0m&amp#27;[1;90m on the &amp#27;[0m&amp#27;[1;34mHomePage&amp#27;[0m&amp#27;[0m
Mar 27, 2026 12:13:15 AM pickleib.utilities.interfaces.repository.ElementRepository acquireElementFromPage
INFO: &amp#27;[1;90mAcquiring element &amp#27;[1;34mpageTitle&amp#27;[0m&amp#27;[1;90m from the &amp#27;[0m&amp#27;[1;34mFormsPage&amp#27;[0m&amp#27;[0m
Mar 27, 2026 12:13:15 AM pickleib.web.interactions.WebInteractions waitUntilVisible
INFO: &amp#27;[1;90mWaiting visibility of &amp#27;[1;34mpageTitle&amp#27;[0m&amp#27;[1;90m on the &amp#27;[0m&amp#27;[1;34mFormsPage&amp#27;[0m&amp#27;[0m
Mar 27, 2026 12:13:15 AM pickleib.web.interactions.WebInteractions waitUntilVisible
INFO: &amp#27;[1;90mElement is visible ? &amp#27;[1;34mtrue&amp#27;[0m&amp#27;[0m
Mar 27, 2026 12:13:15 AM pickleib.utilities.interfaces.repository.ElementRepository acquireElementFromPage
INFO: &amp#27;[1;90mAcquiring element &amp#27;[1;34mpageTitle&amp#27;[0m&amp#27;[1;90m from the &amp#27;[0m&amp#27;[1;34mFormsPage&amp#27;[0m&amp#27;[0m
Mar 27, 2026 12:13:15 AM pickleib.web.interactions.WebInteractions centerElement
INFO: &amp#27;[1;90mCentering &amp#27;[1;34mpageTitle&amp#27;[0m&amp#27;[1;90m on &amp#27;[0m&amp#27;[1;34mFormsPage&amp#27;[0m&amp#27;[0m
Mar 27, 2026 12:13:15 AM pickleib.utilities.helpers.ElementStateHelper verifyElementContainsText
INFO: &amp#27;[1;90mVerifying that text of element &amp#27;[1;34mpageTitle&amp#27;[0m&amp#27;[1;90m contains &amp#27;[0m&amp#27;[1;34mSubmission Form&amp#27;[0m&amp#27;[1;90m on &amp#27;[0m&amp#27;[1;34mformsPage&amp#27;[0m&amp#27;[0m
Mar 27, 2026 12:13:15 AM pickleib.utilities.helpers.ElementStateHelper verifyElementContainsText
INFO: &amp#27;[1;32mThe element text does contain "Submission Form" text!&amp#27;[0m
Mar 27, 2026 12:13:15 AM pickleib.web.driver.PickleibWebDriver terminate
INFO: &amp#27;[1;90mTerminating driver...&amp#27;[0m
Mar 27, 2026 12:13:16 AM steps.Hooks kill
INFO: &amp#27;[1;32mNavigate to forms via homepage category card: PASS!&amp#27;[0m
]]></system-err>
  </testcase>
  <testcase name="Form submission and verification" classname="Vue Test App" time="4.608">
    <system-err><![CDATA[Mar 27, 2026 12:13:16 AM steps.Hooks before
INFO: &amp#27;[1;90mRunning: &amp#27;[1;35mForm submission and verification&amp#27;[0m&amp#27;[0m
Mar 27, 2026 12:13:16 AM steps.Hooks processScenarioTags
INFO: &amp#27;[1;35m[@VueTestApp, @Web-UI, @SCN-VUE-2]&amp#27;[0m
Mar 27, 2026 12:13:16 AM pickleib.web.driver.PickleibWebDriver initialize
INFO: &amp#27;[1;90mInitializing &amp#27;[1;35mChrome&amp#27;[1;90m driver...&amp#27;[0m
Mar 27, 2026 12:13:17 AM org.openqa.selenium.devtools.CdpVersionFinder findNearestMatch
WARNING: Unable to find CDP implementation matching 146
Mar 27, 2026 12:13:17 AM org.openqa.selenium.chromium.ChromiumDriver lambda$new$5
WARNING: Unable to find version of CDP to use for 146.0.7680.80. You may need to include a dependency on a specific version of the CDP using something similar to `org.seleniumhq.selenium:selenium-devtools-v86:4.19.0` where the version ("v86") matches the version of the chromium-based browser you're using and the version number of the artifact is the same as Selenium's.
Mar 27, 2026 12:13:17 AM pickleib.web.driver.WebDriverFactory getDriver
INFO: &amp#27;[1;35mChrome&amp#27;[1;90m was selected&amp#27;[0m
Mar 27, 2026 12:13:17 AM pickleib.web.interactions.WebInteractions getUrl
INFO: &amp#27;[1;90mNavigating to &amp#27;[1;34mhttp://127.0.0.1:7457/forms&amp#27;[0m&amp#27;[0m
Mar 27, 2026 12:13:17 AM pickleib.utilities.interfaces.repository.ElementRepository acquireElementFromPage
INFO: &amp#27;[1;90mAcquiring element &amp#27;[1;34mnameInput&amp#27;[0m&amp#27;[1;90m from the &amp#27;[0m&amp#27;[1;34mFormsPage&amp#27;[0m&amp#27;[0m
Mar 27, 2026 12:13:17 AM pickleib.web.interactions.WebInteractions waitUntilVisible
INFO: &amp#27;[1;90mWaiting visibility of &amp#27;[1;34mnameInput&amp#27;[0m&amp#27;[1;90m on the &amp#27;[0m&amp#27;[1;34mFormsPage&amp#27;[0m&amp#27;[0m
Mar 27, 2026 12:13:17 AM pickleib.web.interactions.WebInteractions waitUntilVisible
INFO: &amp#27;[1;90mElement is visible ? &amp#27;[1;34mtrue&amp#27;[0m&amp#27;[0m
Mar 27, 2026 12:13:17 AM pickleib.utilities.interfaces.repository.ElementRepository acquireElementList
INFO: &amp#27;[1;90mAcquiring element list from &amp#27;[1;34mFormsPage&amp#27;[0m&amp#27;[0m
Mar 27, 2026 12:13:17 AM pickleib.web.interactions.WebInteractions fillForm
INFO: &amp#27;[1;90mFilling form on &amp#27;[1;34mFormsPage&amp#27;[0m&amp#27;[0m
Mar 27, 2026 12:13:17 AM pickleib.utilities.helpers.InputHelper fillInputForm
INFO: &amp#27;[1;90mFilling &amp#27;[1;34mnameInput&amp#27;[0m&amp#27;[1;90m on the &amp#27;[0m&amp#27;[1;34mFormsPage&amp#27;[0m&amp#27;[1;90m with the text: &amp#27;[0m&amp#27;[1;34mJohn Smith&amp#27;[0m&amp#27;[0m
Mar 27, 2026 12:13:17 AM pickleib.utilities.helpers.InputHelper fillInputForm
INFO: &amp#27;[1;90mFilling &amp#27;[1;34memailInput&amp#27;[0m&amp#27;[1;90m on the &amp#27;[0m&amp#27;[1;34mFormsPage&amp#27;[0m&amp#27;[1;90m with the text: &amp#27;[0m&amp#27;[1;34mjohn@example.com&amp#27;[0m&amp#27;[0m
Mar 27, 2026 12:13:18 AM pickleib.utilities.helpers.InputHelper fillInputForm
INFO: &amp#27;[1;90mFilling &amp#27;[1;34mmobileInput&amp#27;[0m&amp#27;[1;90m on the &amp#27;[0m&amp#27;[1;34mFormsPage&amp#27;[0m&amp#27;[1;90m with the text: &amp#27;[0m&amp#27;[1;34m0655500001&amp#27;[0m&amp#27;[0m
Mar 27, 2026 12:13:18 AM pickleib.utilities.helpers.InputHelper fillInputForm
INFO: &amp#27;[1;90mFilling &amp#27;[1;34mhobbiesInput&amp#27;[0m&amp#27;[1;90m on the &amp#27;[0m&amp#27;[1;34mFormsPage&amp#27;[0m&amp#27;[1;90m with the text: &amp#27;[0m&amp#27;[1;34mReading&amp#27;[0m&amp#27;[0m
Mar 27, 2026 12:13:19 AM pickleib.utilities.helpers.InputHelper fillInputForm
INFO: &amp#27;[1;90mFilling &amp#27;[1;34maddressInput&amp#27;[0m&amp#27;[1;90m on the &amp#27;[0m&amp#27;[1;34mFormsPage&amp#27;[0m&amp#27;[1;90m with the text: &amp#27;[0m&amp#27;[1;34m123 Main Street&amp#27;[0m&amp#27;[0m
Mar 27, 2026 12:13:19 AM pickleib.utilities.helpers.InputHelper fillInputForm
INFO: &amp#27;[1;90mFilling &amp#27;[1;34mcityInput&amp#27;[0m&amp#27;[1;90m on the &amp#27;[0m&amp#27;[1;34mFormsPage&amp#27;[0m&amp#27;[1;90m with the text: &amp#27;[0m&amp#27;[1;34mAmsterdam&amp#27;[0m&amp#27;[0m
Mar 27, 2026 12:13:19 AM pickleib.web.interactions.WebInteractions fillForm
INFO: &amp#27;[1;32mForm was filled on &amp#27;[1;34mFormsPage&amp#27;[0m&amp#27;[0m
Mar 27, 2026 12:13:19 AM pickleib.utilities.interfaces.repository.ElementRepository acquireElementFromPage
INFO: &amp#27;[1;90mAcquiring element &amp#27;[1;34msubmitButton&amp#27;[0m&amp#27;[1;90m from the &amp#27;[0m&amp#27;[1;34mFormsPage&amp#27;[0m&amp#27;[0m
Mar 27, 2026 12:13:19 AM pickleib.web.interactions.WebInteractions clickElement
INFO: &amp#27;[1;90mClicking &amp#27;[1;34msubmitButton&amp#27;[0m&amp#27;[1;90m on &amp#27;[0m&amp#27;[1;34mFormsPage&amp#27;[0m&amp#27;[0m
Mar 27, 2026 12:13:20 AM pickleib.utilities.interfaces.repository.ElementRepository acquireElementFromPage
INFO: &amp#27;[1;90mAcquiring element &amp#27;[1;34msubmissionTitle&amp#27;[0m&amp#27;[1;90m from the &amp#27;[0m&amp#27;[1;34mFormsPage&amp#27;[0m&amp#27;[0m
Mar 27, 2026 12:13:20 AM pickleib.web.interactions.WebInteractions waitUntilVisible
INFO: &amp#27;[1;90mWaiting visibility of &amp#27;[1;34msubmissionTitle&amp#27;[0m&amp#27;[1;90m on the &amp#27;[0m&amp#27;[1;34mFormsPage&amp#27;[0m&amp#27;[0m
Mar 27, 2026 12:13:20 AM pickleib.web.interactions.WebInteractions waitUntilVisible
INFO: &amp#27;[1;90mElement is visible ? &amp#27;[1;34mtrue&amp#27;[0m&amp#27;[0m
Mar 27, 2026 12:13:20 AM pickleib.utilities.interfaces.repository.ElementRepository acquireElementFromPage
INFO: &amp#27;[1;90mAcquiring element &amp#27;[1;34msubmissionTitle&amp#27;[0m&amp#27;[1;90m from the &amp#27;[0m&amp#27;[1;34mFormsPage&amp#27;[0m&amp#27;[0m
Mar 27, 2026 12:13:20 AM pickleib.web.interactions.WebInteractions centerElement
INFO: &amp#27;[1;90mCentering &amp#27;[1;34msubmissionTitle&amp#27;[0m&amp#27;[1;90m on &amp#27;[0m&amp#27;[1;34mFormsPage&amp#27;[0m&amp#27;[0m
Mar 27, 2026 12:13:20 AM pickleib.utilities.helpers.ElementStateHelper verifyElementContainsText
INFO: &amp#27;[1;90mVerifying that text of element &amp#27;[1;34msubmissionTitle&amp#27;[0m&amp#27;[1;90m contains &amp#27;[0m&amp#27;[1;34mSubmitted Information&amp#27;[0m&amp#27;[1;90m on &amp#27;[0m&amp#27;[1;34mformsPage&amp#27;[0m&amp#27;[0m
Mar 27, 2026 12:13:20 AM pickleib.utilities.helpers.ElementStateHelper verifyElementContainsText
INFO: &amp#27;[1;32mThe element text does contain "Submitted Information" text!&amp#27;[0m
Mar 27, 2026 12:13:20 AM pickleib.web.driver.PickleibWebDriver terminate
INFO: &amp#27;[1;90mTerminating driver...&amp#27;[0m
Mar 27, 2026 12:13:20 AM steps.Hooks kill
INFO: &amp#27;[1;32mForm submission and verification: PASS!&amp#27;[0m
]]></system-err>
  </testcase>
  <testcase name="Alerts page button presence" classname="Vue Test App" time="1.271">
    <system-err><![CDATA[Mar 27, 2026 12:13:20 AM steps.Hooks before
INFO: &amp#27;[1;90mRunning: &amp#27;[1;35mAlerts page button presence&amp#27;[0m&amp#27;[0m
Mar 27, 2026 12:13:20 AM steps.Hooks processScenarioTags
INFO: &amp#27;[1;35m[@VueTestApp, @Web-UI, @SCN-VUE-3]&amp#27;[0m
Mar 27, 2026 12:13:20 AM pickleib.web.driver.PickleibWebDriver initialize
INFO: &amp#27;[1;90mInitializing &amp#27;[1;35mChrome&amp#27;[1;90m driver...&amp#27;[0m
Mar 27, 2026 12:13:21 AM org.openqa.selenium.devtools.CdpVersionFinder findNearestMatch
WARNING: Unable to find CDP implementation matching 146
Mar 27, 2026 12:13:21 AM org.openqa.selenium.chromium.ChromiumDriver lambda$new$5
WARNING: Unable to find version of CDP to use for 146.0.7680.80. You may need to include a dependency on a specific version of the CDP using something similar to `org.seleniumhq.selenium:selenium-devtools-v86:4.19.0` where the version ("v86") matches the version of the chromium-based browser you're using and the version number of the artifact is the same as Selenium's.
Mar 27, 2026 12:13:21 AM pickleib.web.driver.WebDriverFactory getDriver
INFO: &amp#27;[1;35mChrome&amp#27;[1;90m was selected&amp#27;[0m
Mar 27, 2026 12:13:21 AM pickleib.web.interactions.WebInteractions getUrl
INFO: &amp#27;[1;90mNavigating to &amp#27;[1;34mhttp://127.0.0.1:7457/alerts&amp#27;[0m&amp#27;[0m
Mar 27, 2026 12:13:21 AM pickleib.utilities.interfaces.repository.ElementRepository acquireElementFromPage
INFO: &amp#27;[1;90mAcquiring element &amp#27;[1;34mclickMeButton&amp#27;[0m&amp#27;[1;90m from the &amp#27;[0m&amp#27;[1;34mAlertsPage&amp#27;[0m&amp#27;[0m
Mar 27, 2026 12:13:21 AM pickleib.web.interactions.WebInteractions waitUntilVisible
INFO: &amp#27;[1;90mWaiting visibility of &amp#27;[1;34mclickMeButton&amp#27;[0m&amp#27;[1;90m on the &amp#27;[0m&amp#27;[1;34mAlertsPage&amp#27;[0m&amp#27;[0m
Mar 27, 2026 12:13:21 AM pickleib.web.interactions.WebInteractions waitUntilVisible
INFO: &amp#27;[1;90mElement is visible ? &amp#27;[1;34mtrue&amp#27;[0m&amp#27;[0m
Mar 27, 2026 12:13:21 AM pickleib.utilities.interfaces.repository.ElementRepository acquireElementFromPage
INFO: &amp#27;[1;90mAcquiring element &amp#27;[1;34mclickMeButton&amp#27;[0m&amp#27;[1;90m from the &amp#27;[0m&amp#27;[1;34mAlertsPage&amp#27;[0m&amp#27;[0m
Mar 27, 2026 12:13:21 AM pickleib.web.interactions.WebInteractions verifyElementState
INFO: &amp#27;[1;90mVerifying that the state of &amp#27;[1;34mclickMeButton&amp#27;[0m&amp#27;[1;90m is &amp#27;[0m&amp#27;[1;34mdisplayed&amp#27;[0m&amp#27;[1;90m on the &amp#27;[0m&amp#27;[1;34mAlertsPage&amp#27;[0m&amp#27;[0m
Mar 27, 2026 12:13:21 AM pickleib.utilities.helpers.ElementStateHelper verifyElementState
INFO: &amp#27;[1;32mElement state is verified to be: displayed&amp#27;[0m
Mar 27, 2026 12:13:21 AM pickleib.utilities.interfaces.repository.ElementRepository acquireElementFromPage
INFO: &amp#27;[1;90mAcquiring element &amp#27;[1;34mrightClickMeButton&amp#27;[0m&amp#27;[1;90m from the &amp#27;[0m&amp#27;[1;34mAlertsPage&amp#27;[0m&amp#27;[0m
Mar 27, 2026 12:13:21 AM pickleib.web.interactions.WebInteractions verifyElementState
INFO: &amp#27;[1;90mVerifying that the state of &amp#27;[1;34mrightClickMeButton&amp#27;[0m&amp#27;[1;90m is &amp#27;[0m&amp#27;[1;34mdisplayed&amp#27;[0m&amp#27;[1;90m on the &amp#27;[0m&amp#27;[1;34mAlertsPage&amp#27;[0m&amp#27;[0m
Mar 27, 2026 12:13:21 AM pickleib.utilities.helpers.ElementStateHelper verifyElementState
INFO: &amp#27;[1;32mElement state is verified to be: displayed&amp#27;[0m
Mar 27, 2026 12:13:21 AM pickleib.utilities.interfaces.repository.ElementRepository acquireElementFromPage
INFO: &amp#27;[1;90mAcquiring element &amp#27;[1;34mdoubleClickMeButton&amp#27;[0m&amp#27;[1;90m from the &amp#27;[0m&amp#27;[1;34mAlertsPage&amp#27;[0m&amp#27;[0m
Mar 27, 2026 12:13:21 AM pickleib.web.interactions.WebInteractions verifyElementState
INFO: &amp#27;[1;90mVerifying that the state of &amp#27;[1;34mdoubleClickMeButton&amp#27;[0m&amp#27;[1;90m is &amp#27;[0m&amp#27;[1;34mdisplayed&amp#27;[0m&amp#27;[1;90m on the &amp#27;[0m&amp#27;[1;34mAlertsPage&amp#27;[0m&amp#27;[0m
Mar 27, 2026 12:13:21 AM pickleib.utilities.helpers.ElementStateHelper verifyElementState
INFO: &amp#27;[1;32mElement state is verified to be: displayed&amp#27;[0m
Mar 27, 2026 12:13:21 AM pickleib.web.driver.PickleibWebDriver terminate
INFO: &amp#27;[1;90mTerminating driver...&amp#27;[0m
Mar 27, 2026 12:13:21 AM steps.Hooks kill
INFO: &amp#27;[1;32mAlerts page button presence: PASS!&amp#27;[0m
]]></system-err>
  </testcase>
  <testcase name="Buttons page click and verify result" classname="Vue Test App" time="2.345">
    <system-err><![CDATA[Mar 27, 2026 12:13:21 AM steps.Hooks before
INFO: &amp#27;[1;90mRunning: &amp#27;[1;35mButtons page click and verify result&amp#27;[0m&amp#27;[0m
Mar 27, 2026 12:13:21 AM steps.Hooks processScenarioTags
INFO: &amp#27;[1;35m[@VueTestApp, @Web-UI, @SCN-VUE-4]&amp#27;[0m
Mar 27, 2026 12:13:21 AM pickleib.web.driver.PickleibWebDriver initialize
INFO: &amp#27;[1;90mInitializing &amp#27;[1;35mChrome&amp#27;[1;90m driver...&amp#27;[0m
Mar 27, 2026 12:13:22 AM org.openqa.selenium.devtools.CdpVersionFinder findNearestMatch
WARNING: Unable to find CDP implementation matching 146
Mar 27, 2026 12:13:22 AM org.openqa.selenium.chromium.ChromiumDriver lambda$new$5
WARNING: Unable to find version of CDP to use for 146.0.7680.80. You may need to include a dependency on a specific version of the CDP using something similar to `org.seleniumhq.selenium:selenium-devtools-v86:4.19.0` where the version ("v86") matches the version of the chromium-based browser you're using and the version number of the artifact is the same as Selenium's.
Mar 27, 2026 12:13:22 AM pickleib.web.driver.WebDriverFactory getDriver
INFO: &amp#27;[1;35mChrome&amp#27;[1;90m was selected&amp#27;[0m
Mar 27, 2026 12:13:22 AM pickleib.web.interactions.WebInteractions getUrl
INFO: &amp#27;[1;90mNavigating to &amp#27;[1;34mhttp://127.0.0.1:7457/buttons&amp#27;[0m&amp#27;[0m
Mar 27, 2026 12:13:23 AM pickleib.utilities.interfaces.repository.ElementRepository acquireElementFromPage
INFO: &amp#27;[1;90mAcquiring element &amp#27;[1;34mresultText&amp#27;[0m&amp#27;[1;90m from the &amp#27;[0m&amp#27;[1;34mButtonsPage&amp#27;[0m&amp#27;[0m
Mar 27, 2026 12:13:23 AM pickleib.web.interactions.WebInteractions waitUntilVisible
INFO: &amp#27;[1;90mWaiting visibility of &amp#27;[1;34mresultText&amp#27;[0m&amp#27;[1;90m on the &amp#27;[0m&amp#27;[1;34mButtonsPage&amp#27;[0m&amp#27;[0m
Mar 27, 2026 12:13:23 AM pickleib.web.interactions.WebInteractions waitUntilVisible
INFO: &amp#27;[1;90mElement is visible ? &amp#27;[1;34mtrue&amp#27;[0m&amp#27;[0m
Mar 27, 2026 12:13:23 AM pickleib.utilities.interfaces.repository.ElementRepository acquireElementFromPage
INFO: &amp#27;[1;90mAcquiring element &amp#27;[1;34mresultText&amp#27;[0m&amp#27;[1;90m from the &amp#27;[0m&amp#27;[1;34mButtonsPage&amp#27;[0m&amp#27;[0m
Mar 27, 2026 12:13:23 AM pickleib.web.interactions.WebInteractions centerElement
INFO: &amp#27;[1;90mCentering &amp#27;[1;34mresultText&amp#27;[0m&amp#27;[1;90m on &amp#27;[0m&amp#27;[1;34mButtonsPage&amp#27;[0m&amp#27;[0m
Mar 27, 2026 12:13:23 AM pickleib.utilities.helpers.ElementStateHelper verifyElementContainsText
INFO: &amp#27;[1;90mVerifying that text of element &amp#27;[1;34mresultText&amp#27;[0m&amp#27;[1;90m contains &amp#27;[0m&amp#27;[1;34mLast clicked: none&amp#27;[0m&amp#27;[1;90m on &amp#27;[0m&amp#27;[1;34mbuttonsPage&amp#27;[0m&amp#27;[0m
Mar 27, 2026 12:13:23 AM pickleib.utilities.helpers.ElementStateHelper verifyElementContainsText
INFO: &amp#27;[1;32mThe element text does contain "Last clicked: none" text!&amp#27;[0m
Mar 27, 2026 12:13:23 AM pickleib.utilities.interfaces.repository.ElementRepository acquireElementFromPage
INFO: &amp#27;[1;90mAcquiring element &amp#27;[1;34mprimaryButton&amp#27;[0m&amp#27;[1;90m from the &amp#27;[0m&amp#27;[1;34mButtonsPage&amp#27;[0m&amp#27;[0m
Mar 27, 2026 12:13:23 AM pickleib.web.interactions.WebInteractions clickElement
INFO: &amp#27;[1;90mClicking &amp#27;[1;34mprimaryButton&amp#27;[0m&amp#27;[1;90m on &amp#27;[0m&amp#27;[1;34mButtonsPage&amp#27;[0m&amp#27;[0m
Mar 27, 2026 12:13:23 AM pickleib.utilities.interfaces.repository.ElementRepository acquireElementFromPage
INFO: &amp#27;[1;90mAcquiring element &amp#27;[1;34mresultText&amp#27;[0m&amp#27;[1;90m from the &amp#27;[0m&amp#27;[1;34mButtonsPage&amp#27;[0m&amp#27;[0m
Mar 27, 2026 12:13:23 AM pickleib.web.interactions.WebInteractions centerElement
INFO: &amp#27;[1;90mCentering &amp#27;[1;34mresultText&amp#27;[0m&amp#27;[1;90m on &amp#27;[0m&amp#27;[1;34mButtonsPage&amp#27;[0m&amp#27;[0m
Mar 27, 2026 12:13:24 AM pickleib.utilities.helpers.ElementStateHelper verifyElementContainsText
INFO: &amp#27;[1;90mVerifying that text of element &amp#27;[1;34mresultText&amp#27;[0m&amp#27;[1;90m contains &amp#27;[0m&amp#27;[1;34mPrimary&amp#27;[0m&amp#27;[1;90m on &amp#27;[0m&amp#27;[1;34mbuttonsPage&amp#27;[0m&amp#27;[0m
Mar 27, 2026 12:13:24 AM pickleib.utilities.helpers.ElementStateHelper verifyElementContainsText
INFO: &amp#27;[1;32mThe element text does contain "Primary" text!&amp#27;[0m
Mar 27, 2026 12:13:24 AM pickleib.web.driver.PickleibWebDriver terminate
INFO: &amp#27;[1;90mTerminating driver...&amp#27;[0m
Mar 27, 2026 12:13:24 AM steps.Hooks kill
INFO: &amp#27;[1;32mButtons page click and verify result: PASS!&amp#27;[0m
]]></system-err>
  </testcase>
  <testcase name="Navigate to buttons page directly" classname="Vue Test App" time="2.343">
    <system-err><![CDATA[Mar 27, 2026 12:13:24 AM steps.Hooks before
INFO: &amp#27;[1;90mRunning: &amp#27;[1;35mNavigate to buttons page directly&amp#27;[0m&amp#27;[0m
Mar 27, 2026 12:13:24 AM steps.Hooks processScenarioTags
INFO: &amp#27;[1;35m[@VueTestApp, @Web-UI, @SCN-VUE-5]&amp#27;[0m
Mar 27, 2026 12:13:24 AM pickleib.web.driver.PickleibWebDriver initialize
INFO: &amp#27;[1;90mInitializing &amp#27;[1;35mChrome&amp#27;[1;90m driver...&amp#27;[0m
Mar 27, 2026 12:13:25 AM org.openqa.selenium.devtools.CdpVersionFinder findNearestMatch
WARNING: Unable to find CDP implementation matching 146
Mar 27, 2026 12:13:25 AM org.openqa.selenium.chromium.ChromiumDriver lambda$new$5
WARNING: Unable to find version of CDP to use for 146.0.7680.80. You may need to include a dependency on a specific version of the CDP using something similar to `org.seleniumhq.selenium:selenium-devtools-v86:4.19.0` where the version ("v86") matches the version of the chromium-based browser you're using and the version number of the artifact is the same as Selenium's.
Mar 27, 2026 12:13:25 AM pickleib.web.driver.WebDriverFactory getDriver
INFO: &amp#27;[1;35mChrome&amp#27;[1;90m was selected&amp#27;[0m
Mar 27, 2026 12:13:25 AM pickleib.web.interactions.WebInteractions getUrl
INFO: &amp#27;[1;90mNavigating to &amp#27;[1;34mhttp://127.0.0.1:7457/buttons&amp#27;[0m&amp#27;[0m
Mar 27, 2026 12:13:25 AM pickleib.utilities.interfaces.repository.ElementRepository acquireElementFromPage
INFO: &amp#27;[1;90mAcquiring element &amp#27;[1;34mpageTitle&amp#27;[0m&amp#27;[1;90m from the &amp#27;[0m&amp#27;[1;34mButtonsPage&amp#27;[0m&amp#27;[0m
Mar 27, 2026 12:13:25 AM pickleib.web.interactions.WebInteractions waitUntilVisible
INFO: &amp#27;[1;90mWaiting visibility of &amp#27;[1;34mpageTitle&amp#27;[0m&amp#27;[1;90m on the &amp#27;[0m&amp#27;[1;34mButtonsPage&amp#27;[0m&amp#27;[0m
Mar 27, 2026 12:13:25 AM pickleib.web.interactions.WebInteractions waitUntilVisible
INFO: &amp#27;[1;90mElement is visible ? &amp#27;[1;34mtrue&amp#27;[0m&amp#27;[0m
Mar 27, 2026 12:13:25 AM pickleib.utilities.interfaces.repository.ElementRepository acquireElementFromPage
INFO: &amp#27;[1;90mAcquiring element &amp#27;[1;34mpageTitle&amp#27;[0m&amp#27;[1;90m from the &amp#27;[0m&amp#27;[1;34mButtonsPage&amp#27;[0m&amp#27;[0m
Mar 27, 2026 12:13:25 AM pickleib.web.interactions.WebInteractions centerElement
INFO: &amp#27;[1;90mCentering &amp#27;[1;34mpageTitle&amp#27;[0m&amp#27;[1;90m on &amp#27;[0m&amp#27;[1;34mButtonsPage&amp#27;[0m&amp#27;[0m
Mar 27, 2026 12:13:25 AM pickleib.utilities.helpers.ElementStateHelper verifyElementContainsText
INFO: &amp#27;[1;90mVerifying that text of element &amp#27;[1;34mpageTitle&amp#27;[0m&amp#27;[1;90m contains &amp#27;[0m&amp#27;[1;34mButtons&amp#27;[0m&amp#27;[1;90m on &amp#27;[0m&amp#27;[1;34mbuttonsPage&amp#27;[0m&amp#27;[0m
Mar 27, 2026 12:13:25 AM pickleib.utilities.helpers.ElementStateHelper verifyElementContainsText
INFO: &amp#27;[1;32mThe element text does contain "Buttons" text!&amp#27;[0m
Mar 27, 2026 12:13:25 AM pickleib.utilities.interfaces.repository.ElementRepository acquireElementFromPage
INFO: &amp#27;[1;90mAcquiring element &amp#27;[1;34msecondaryButton&amp#27;[0m&amp#27;[1;90m from the &amp#27;[0m&amp#27;[1;34mButtonsPage&amp#27;[0m&amp#27;[0m
Mar 27, 2026 12:13:25 AM pickleib.web.interactions.WebInteractions clickElement
INFO: &amp#27;[1;90mClicking &amp#27;[1;34msecondaryButton&amp#27;[0m&amp#27;[1;90m on &amp#27;[0m&amp#27;[1;34mButtonsPage&amp#27;[0m&amp#27;[0m
Mar 27, 2026 12:13:26 AM pickleib.utilities.interfaces.repository.ElementRepository acquireElementFromPage
INFO: &amp#27;[1;90mAcquiring element &amp#27;[1;34mresultText&amp#27;[0m&amp#27;[1;90m from the &amp#27;[0m&amp#27;[1;34mButtonsPage&amp#27;[0m&amp#27;[0m
Mar 27, 2026 12:13:26 AM pickleib.web.interactions.WebInteractions centerElement
INFO: &amp#27;[1;90mCentering &amp#27;[1;34mresultText&amp#27;[0m&amp#27;[1;90m on &amp#27;[0m&amp#27;[1;34mButtonsPage&amp#27;[0m&amp#27;[0m
Mar 27, 2026 12:13:26 AM pickleib.utilities.helpers.ElementStateHelper verifyElementContainsText
INFO: &amp#27;[1;90mVerifying that text of element &amp#27;[1;34mresultText&amp#27;[0m&amp#27;[1;90m contains &amp#27;[0m&amp#27;[1;34mSecondary&amp#27;[0m&amp#27;[1;90m on &amp#27;[0m&amp#27;[1;34mbuttonsPage&amp#27;[0m&amp#27;[0m
Mar 27, 2026 12:13:26 AM pickleib.utilities.helpers.ElementStateHelper verifyElementContainsText
INFO: &amp#27;[1;32mThe element text does contain "Secondary" text!&amp#27;[0m
Mar 27, 2026 12:13:26 AM pickleib.web.driver.PickleibWebDriver terminate
INFO: &amp#27;[1;90mTerminating driver...&amp#27;[0m
Mar 27, 2026 12:13:26 AM steps.Hooks kill
INFO: &amp#27;[1;32mNavigate to buttons page directly: PASS!&amp#27;[0m
]]></system-err>
  </testcase>
  <testcase name="Dropdown page element presence" classname="Vue Test App" time="1.334">
    <system-err><![CDATA[Mar 27, 2026 12:13:26 AM steps.Hooks before
INFO: &amp#27;[1;90mRunning: &amp#27;[1;35mDropdown page element presence&amp#27;[0m&amp#27;[0m
Mar 27, 2026 12:13:26 AM steps.Hooks processScenarioTags
INFO: &amp#27;[1;35m[@VueTestApp, @Web-UI, @SCN-VUE-6]&amp#27;[0m
Mar 27, 2026 12:13:26 AM pickleib.web.driver.PickleibWebDriver initialize
INFO: &amp#27;[1;90mInitializing &amp#27;[1;35mChrome&amp#27;[1;90m driver...&amp#27;[0m
Mar 27, 2026 12:13:27 AM org.openqa.selenium.devtools.CdpVersionFinder findNearestMatch
WARNING: Unable to find CDP implementation matching 146
Mar 27, 2026 12:13:27 AM org.openqa.selenium.chromium.ChromiumDriver lambda$new$5
WARNING: Unable to find version of CDP to use for 146.0.7680.80. You may need to include a dependency on a specific version of the CDP using something similar to `org.seleniumhq.selenium:selenium-devtools-v86:4.19.0` where the version ("v86") matches the version of the chromium-based browser you're using and the version number of the artifact is the same as Selenium's.
Mar 27, 2026 12:13:27 AM pickleib.web.driver.WebDriverFactory getDriver
INFO: &amp#27;[1;35mChrome&amp#27;[1;90m was selected&amp#27;[0m
Mar 27, 2026 12:13:27 AM pickleib.web.interactions.WebInteractions getUrl
INFO: &amp#27;[1;90mNavigating to &amp#27;[1;34mhttp://127.0.0.1:7457/dropdown&amp#27;[0m&amp#27;[0m
Mar 27, 2026 12:13:27 AM pickleib.utilities.interfaces.repository.ElementRepository acquireElementFromPage
INFO: &amp#27;[1;90mAcquiring element &amp#27;[1;34msingleSelect&amp#27;[0m&amp#27;[1;90m from the &amp#27;[0m&amp#27;[1;34mDropdownPage&amp#27;[0m&amp#27;[0m
Mar 27, 2026 12:13:27 AM pickleib.web.interactions.WebInteractions waitUntilVisible
INFO: &amp#27;[1;90mWaiting visibility of &amp#27;[1;34msingleSelect&amp#27;[0m&amp#27;[1;90m on the &amp#27;[0m&amp#27;[1;34mDropdownPage&amp#27;[0m&amp#27;[0m
Mar 27, 2026 12:13:27 AM pickleib.web.interactions.WebInteractions waitUntilVisible
INFO: &amp#27;[1;90mElement is visible ? &amp#27;[1;34mtrue&amp#27;[0m&amp#27;[0m
Mar 27, 2026 12:13:27 AM pickleib.utilities.interfaces.repository.ElementRepository acquireElementFromPage
INFO: &amp#27;[1;90mAcquiring element &amp#27;[1;34msingleSelect&amp#27;[0m&amp#27;[1;90m from the &amp#27;[0m&amp#27;[1;34mDropdownPage&amp#27;[0m&amp#27;[0m
Mar 27, 2026 12:13:27 AM pickleib.web.interactions.WebInteractions verifyElementState
INFO: &amp#27;[1;90mVerifying that the state of &amp#27;[1;34msingleSelect&amp#27;[0m&amp#27;[1;90m is &amp#27;[0m&amp#27;[1;34mdisplayed&amp#27;[0m&amp#27;[1;90m on the &amp#27;[0m&amp#27;[1;34mDropdownPage&amp#27;[0m&amp#27;[0m
Mar 27, 2026 12:13:27 AM pickleib.utilities.helpers.ElementStateHelper verifyElementState
INFO: &amp#27;[1;32mElement state is verified to be: displayed&amp#27;[0m
Mar 27, 2026 12:13:27 AM pickleib.utilities.interfaces.repository.ElementRepository acquireElementFromPage
INFO: &amp#27;[1;90mAcquiring element &amp#27;[1;34mmultiSelect&amp#27;[0m&amp#27;[1;90m from the &amp#27;[0m&amp#27;[1;34mDropdownPage&amp#27;[0m&amp#27;[0m
Mar 27, 2026 12:13:27 AM pickleib.web.interactions.WebInteractions verifyElementState
INFO: &amp#27;[1;90mVerifying that the state of &amp#27;[1;34mmultiSelect&amp#27;[0m&amp#27;[1;90m is &amp#27;[0m&amp#27;[1;34mdisplayed&amp#27;[0m&amp#27;[1;90m on the &amp#27;[0m&amp#27;[1;34mDropdownPage&amp#27;[0m&amp#27;[0m
Mar 27, 2026 12:13:27 AM pickleib.utilities.helpers.ElementStateHelper verifyElementState
INFO: &amp#27;[1;32mElement state is verified to be: displayed&amp#27;[0m
Mar 27, 2026 12:13:27 AM pickleib.utilities.interfaces.repository.ElementRepository acquireElementFromPage
INFO: &amp#27;[1;90mAcquiring element &amp#27;[1;34mcustomDropdownButton&amp#27;[0m&amp#27;[1;90m from the &amp#27;[0m&amp#27;[1;34mDropdownPage&amp#27;[0m&amp#27;[0m
Mar 27, 2026 12:13:27 AM pickleib.web.interactions.WebInteractions verifyElementState
INFO: &amp#27;[1;90mVerifying that the state of &amp#27;[1;34mcustomDropdownButton&amp#27;[0m&amp#27;[1;90m is &amp#27;[0m&amp#27;[1;34mdisplayed&amp#27;[0m&amp#27;[1;90m on the &amp#27;[0m&amp#27;[1;34mDropdownPage&amp#27;[0m&amp#27;[0m
Mar 27, 2026 12:13:27 AM pickleib.utilities.helpers.ElementStateHelper verifyElementState
INFO: &amp#27;[1;32mElement state is verified to be: displayed&amp#27;[0m
Mar 27, 2026 12:13:27 AM pickleib.web.driver.PickleibWebDriver terminate
INFO: &amp#27;[1;90mTerminating driver...&amp#27;[0m
Mar 27, 2026 12:13:27 AM steps.Hooks kill
INFO: &amp#27;[1;32mDropdown page element presence: PASS!&amp#27;[0m
]]></system-err>
  </testcase>
  <testcase name="Tall page scroll and section verification" classname="Vue Test App" time="2.044">
    <system-err><![CDATA[Mar 27, 2026 12:13:27 AM steps.Hooks before
INFO: &amp#27;[1;90mRunning: &amp#27;[1;35mTall page scroll and section verification&amp#27;[0m&amp#27;[0m
Mar 27, 2026 12:13:27 AM steps.Hooks processScenarioTags
INFO: &amp#27;[1;35m[@VueTestApp, @Web-UI, @SCN-VUE-7]&amp#27;[0m
Mar 27, 2026 12:13:27 AM pickleib.web.driver.PickleibWebDriver initialize
INFO: &amp#27;[1;90mInitializing &amp#27;[1;35mChrome&amp#27;[1;90m driver...&amp#27;[0m
Mar 27, 2026 12:13:28 AM org.openqa.selenium.devtools.CdpVersionFinder findNearestMatch
WARNING: Unable to find CDP implementation matching 146
Mar 27, 2026 12:13:28 AM org.openqa.selenium.chromium.ChromiumDriver lambda$new$5
WARNING: Unable to find version of CDP to use for 146.0.7680.80. You may need to include a dependency on a specific version of the CDP using something similar to `org.seleniumhq.selenium:selenium-devtools-v86:4.19.0` where the version ("v86") matches the version of the chromium-based browser you're using and the version number of the artifact is the same as Selenium's.
Mar 27, 2026 12:13:29 AM pickleib.web.driver.WebDriverFactory getDriver
INFO: &amp#27;[1;35mChrome&amp#27;[1;90m was selected&amp#27;[0m
Mar 27, 2026 12:13:29 AM pickleib.web.interactions.WebInteractions getUrl
INFO: &amp#27;[1;90mNavigating to &amp#27;[1;34mhttp://127.0.0.1:7457/tall&amp#27;[0m&amp#27;[0m
Mar 27, 2026 12:13:29 AM pickleib.utilities.interfaces.repository.ElementRepository acquireElementFromPage
INFO: &amp#27;[1;90mAcquiring element &amp#27;[1;34mpageTitle&amp#27;[0m&amp#27;[1;90m from the &amp#27;[0m&amp#27;[1;34mTallPage&amp#27;[0m&amp#27;[0m
Mar 27, 2026 12:13:29 AM pickleib.web.interactions.WebInteractions waitUntilVisible
INFO: &amp#27;[1;90mWaiting visibility of &amp#27;[1;34mpageTitle&amp#27;[0m&amp#27;[1;90m on the &amp#27;[0m&amp#27;[1;34mTallPage&amp#27;[0m&amp#27;[0m
Mar 27, 2026 12:13:29 AM pickleib.web.interactions.WebInteractions waitUntilVisible
INFO: &amp#27;[1;90mElement is visible ? &amp#27;[1;34mtrue&amp#27;[0m&amp#27;[0m
Mar 27, 2026 12:13:29 AM pickleib.utilities.interfaces.repository.ElementRepository acquireElementFromPage
INFO: &amp#27;[1;90mAcquiring element &amp#27;[1;34mpageTitle&amp#27;[0m&amp#27;[1;90m from the &amp#27;[0m&amp#27;[1;34mTallPage&amp#27;[0m&amp#27;[0m
Mar 27, 2026 12:13:29 AM pickleib.web.interactions.WebInteractions centerElement
INFO: &amp#27;[1;90mCentering &amp#27;[1;34mpageTitle&amp#27;[0m&amp#27;[1;90m on &amp#27;[0m&amp#27;[1;34mTallPage&amp#27;[0m&amp#27;[0m
Mar 27, 2026 12:13:29 AM pickleib.utilities.helpers.ElementStateHelper verifyElementContainsText
INFO: &amp#27;[1;90mVerifying that text of element &amp#27;[1;34mpageTitle&amp#27;[0m&amp#27;[1;90m contains &amp#27;[0m&amp#27;[1;34mTall Page&amp#27;[0m&amp#27;[1;90m on &amp#27;[0m&amp#27;[1;34mtallPage&amp#27;[0m&amp#27;[0m
Mar 27, 2026 12:13:29 AM pickleib.utilities.helpers.ElementStateHelper verifyElementContainsText
INFO: &amp#27;[1;32mThe element text does contain "Tall Page" text!&amp#27;[0m
Mar 27, 2026 12:13:29 AM pickleib.utilities.interfaces.repository.ElementRepository acquireElementFromPage
INFO: &amp#27;[1;90mAcquiring element &amp#27;[1;34mscrollInfo&amp#27;[0m&amp#27;[1;90m from the &amp#27;[0m&amp#27;[1;34mTallPage&amp#27;[0m&amp#27;[0m
Mar 27, 2026 12:13:29 AM pickleib.web.interactions.WebInteractions verifyElementState
INFO: &amp#27;[1;90mVerifying that the state of &amp#27;[1;34mscrollInfo&amp#27;[0m&amp#27;[1;90m is &amp#27;[0m&amp#27;[1;34mdisplayed&amp#27;[0m&amp#27;[1;90m on the &amp#27;[0m&amp#27;[1;34mTallPage&amp#27;[0m&amp#27;[0m
Mar 27, 2026 12:13:29 AM pickleib.utilities.helpers.ElementStateHelper verifyElementState
INFO: &amp#27;[1;32mElement state is verified to be: displayed&amp#27;[0m
Mar 27, 2026 12:13:29 AM pickleib.utilities.interfaces.repository.ElementRepository acquireListedElementFromPage
INFO: &amp#27;[1;90mAcquiring listed element named &amp#27;[1;34mSection 5&amp#27;[0m&amp#27;[1;90m selected from &amp#27;[0m&amp#27;[1;34msectionHeadings&amp#27;[0m&amp#27;[1;90m on  &amp#27;[0m&amp#27;[1;34mTallPage&amp#27;[0m&amp#27;[0m
Mar 27, 2026 12:13:29 AM pickleib.utilities.helpers.ElementStateHelper verifyElementContainsText
INFO: &amp#27;[1;90mVerifying that text of element &amp#27;[1;34mSection 5&amp#27;[0m&amp#27;[1;90m contains &amp#27;[0m&amp#27;[1;34mSection 5&amp#27;[0m&amp#27;[1;90m on &amp#27;[0m&amp#27;[1;34mTallPage&amp#27;[0m&amp#27;[0m
Mar 27, 2026 12:13:29 AM pickleib.utilities.helpers.ElementStateHelper verifyElementContainsText
INFO: &amp#27;[1;32mThe element text does contain "Section 5" text!&amp#27;[0m
Mar 27, 2026 12:13:29 AM pickleib.utilities.interfaces.repository.ElementRepository acquireListedElementFromPage
INFO: &amp#27;[1;90mAcquiring listed element named &amp#27;[1;34mSection 10&amp#27;[0m&amp#27;[1;90m selected from &amp#27;[0m&amp#27;[1;34msectionHeadings&amp#27;[0m&amp#27;[1;90m on  &amp#27;[0m&amp#27;[1;34mTallPage&amp#27;[0m&amp#27;[0m
Mar 27, 2026 12:13:29 AM pickleib.web.interactions.WebInteractions centerElement
INFO: &amp#27;[1;90mCentering &amp#27;[1;34mSection 10&amp#27;[0m&amp#27;[1;90m on &amp#27;[0m&amp#27;[1;34mTallPage&amp#27;[0m&amp#27;[0m
Mar 27, 2026 12:13:29 AM pickleib.web.driver.PickleibWebDriver terminate
INFO: &amp#27;[1;90mTerminating driver...&amp#27;[0m
Mar 27, 2026 12:13:30 AM steps.Hooks kill
INFO: &amp#27;[1;32mTall page scroll and section verification: PASS!&amp#27;[0m
]]></system-err>
  </testcase>
</testsuite>